{"E:\\Gab The Developer\\Sites\\plataforma-gamificada\\src\\App.tsx": {"path":"E:\\Gab The Developer\\Sites\\plataforma-gamificada\\src\\App.tsx","statementMap":{"0":{"start":{"line":28,"column":2},"end":{"line":70,"column":3}}},"fnMap":{"0":{"name":"App","decl":{"start":{"line":26,"column":9},"end":{"line":26,"column":12}},"loc":{"start":{"line":26,"column":15},"end":{"line":71,"column":1}},"line":26}},"branchMap":{},"s":{"0":0},"f":{"0":0},"b":{}}
,"E:\\Gab The Developer\\Sites\\plataforma-gamificada\\src\\GlobalContext.tsx": {"path":"E:\\Gab The Developer\\Sites\\plataforma-gamificada\\src\\GlobalContext.tsx","statementMap":{"0":{"start":{"line":20,"column":40},"end":{"line":43,"column":1}},"1":{"start":{"line":34,"column":17},"end":{"line":34,"column":21}},"2":{"start":{"line":36,"column":17},"end":{"line":36,"column":21}},"3":{"start":{"line":37,"column":53},"end":{"line":37,"column":55}},"4":{"start":{"line":38,"column":20},"end":{"line":38,"column":22}},"5":{"start":{"line":40,"column":19},"end":{"line":40,"column":21}},"6":{"start":{"line":42,"column":19},"end":{"line":42,"column":21}},"7":{"start":{"line":49,"column":29},"end":{"line":49,"column":81}},"8":{"start":{"line":51,"column":30},"end":{"line":79,"column":1}},"9":{"start":{"line":52,"column":41},"end":{"line":52,"column":50}},"10":{"start":{"line":53,"column":2},"end":{"line":53,"column":22}},"11":{"start":{"line":55,"column":26},"end":{"line":55,"column":49}},"12":{"start":{"line":56,"column":26},"end":{"line":56,"column":72}},"13":{"start":{"line":57,"column":32},"end":{"line":57,"column":112}},"14":{"start":{"line":57,"column":108},"end":{"line":57,"column":110}},"15":{"start":{"line":58,"column":30},"end":{"line":58,"column":140}},"16":{"start":{"line":59,"column":30},"end":{"line":59,"column":60}},"17":{"start":{"line":61,"column":16},"end":{"line":72,"column":3}},"18":{"start":{"line":74,"column":2},"end":{"line":78,"column":3}}},"fnMap":{"0":{"name":"(anonymous_0)","decl":{"start":{"line":34,"column":11},"end":{"line":34,"column":12}},"loc":{"start":{"line":34,"column":17},"end":{"line":34,"column":21}},"line":34},"1":{"name":"(anonymous_1)","decl":{"start":{"line":36,"column":11},"end":{"line":36,"column":12}},"loc":{"start":{"line":36,"column":17},"end":{"line":36,"column":21}},"line":36},"2":{"name":"(anonymous_2)","decl":{"start":{"line":37,"column":47},"end":{"line":37,"column":48}},"loc":{"start":{"line":37,"column":53},"end":{"line":37,"column":55}},"line":37},"3":{"name":"(anonymous_3)","decl":{"start":{"line":38,"column":14},"end":{"line":38,"column":15}},"loc":{"start":{"line":38,"column":20},"end":{"line":38,"column":22}},"line":38},"4":{"name":"(anonymous_4)","decl":{"start":{"line":40,"column":13},"end":{"line":40,"column":14}},"loc":{"start":{"line":40,"column":19},"end":{"line":40,"column":21}},"line":40},"5":{"name":"(anonymous_5)","decl":{"start":{"line":42,"column":13},"end":{"line":42,"column":14}},"loc":{"start":{"line":42,"column":19},"end":{"line":42,"column":21}},"line":42},"6":{"name":"(anonymous_6)","decl":{"start":{"line":51,"column":30},"end":{"line":51,"column":31}},"loc":{"start":{"line":51,"column":69},"end":{"line":79,"column":1}},"line":51},"7":{"name":"(anonymous_7)","decl":{"start":{"line":57,"column":102},"end":{"line":57,"column":103}},"loc":{"start":{"line":57,"column":108},"end":{"line":57,"column":110}},"line":57}},"branchMap":{},"s":{"0":0,"1":0,"2":0,"3":0,"4":0,"5":0,"6":0,"7":0,"8":0,"9":0,"10":0,"11":0,"12":0,"13":0,"14":0,"15":0,"16":0,"17":0,"18":0},"f":{"0":0,"1":0,"2":0,"3":0,"4":0,"5":0,"6":0,"7":0},"b":{}}
,"E:\\Gab The Developer\\Sites\\plataforma-gamificada\\src\\main.tsx": {"path":"E:\\Gab The Developer\\Sites\\plataforma-gamificada\\src\\main.tsx","statementMap":{"0":{"start":{"line":5,"column":0},"end":{"line":7,"column":1}}},"fnMap":{},"branchMap":{},"s":{"0":0},"f":{},"b":{}}
,"E:\\Gab The Developer\\Sites\\plataforma-gamificada\\src\\vite-env.d.ts": {"path":"E:\\Gab The Developer\\Sites\\plataforma-gamificada\\src\\vite-env.d.ts","statementMap":{},"fnMap":{},"branchMap":{},"s":{},"f":{},"b":{}}
,"E:\\Gab The Developer\\Sites\\plataforma-gamificada\\src\\components\\ChangeDefaultPassword\\ChangeDefaultPassword.tsx": {"path":"E:\\Gab The Developer\\Sites\\plataforma-gamificada\\src\\components\\ChangeDefaultPassword\\ChangeDefaultPassword.tsx","statementMap":{"0":{"start":{"line":8,"column":30},"end":{"line":34,"column":1}},"1":{"start":{"line":9,"column":19},"end":{"line":9,"column":50}},"2":{"start":{"line":10,"column":42},"end":{"line":10,"column":51}},"3":{"start":{"line":11,"column":19},"end":{"line":11,"column":64}},"4":{"start":{"line":12,"column":26},"end":{"line":12,"column":78}},"5":{"start":{"line":15,"column":4},"end":{"line":15,"column":23}},"6":{"start":{"line":17,"column":4},"end":{"line":20,"column":5}},"7":{"start":{"line":18,"column":6},"end":{"line":18,"column":25}},"8":{"start":{"line":19,"column":6},"end":{"line":19,"column":34}},"9":{"start":{"line":23,"column":2},"end":{"line":33,"column":3}},"10":{"start":{"line":24,"column":2},"end":{"line":33,"column":3}}},"fnMap":{"0":{"name":"(anonymous_0)","decl":{"start":{"line":8,"column":30},"end":{"line":8,"column":31}},"loc":{"start":{"line":8,"column":36},"end":{"line":34,"column":1}},"line":8},"1":{"name":"handleSubmit","decl":{"start":{"line":14,"column":11},"end":{"line":14,"column":23}},"loc":{"start":{"line":14,"column":67},"end":{"line":21,"column":3}},"line":14}},"branchMap":{"0":{"loc":{"start":{"line":17,"column":4},"end":{"line":20,"column":5}},"type":"if","locations":[{"start":{"line":17,"column":4},"end":{"line":20,"column":5}},{"start":{},"end":{}}],"line":17},"1":{"loc":{"start":{"line":17,"column":8},"end":{"line":17,"column":101}},"type":"binary-expr","locations":[{"start":{"line":17,"column":8},"end":{"line":17,"column":27}},{"start":{"line":17,"column":31},"end":{"line":17,"column":57}},{"start":{"line":17,"column":61},"end":{"line":17,"column":101}}],"line":17},"2":{"loc":{"start":{"line":23,"column":2},"end":{"line":33,"column":3}},"type":"if","locations":[{"start":{"line":23,"column":2},"end":{"line":33,"column":3}},{"start":{},"end":{}}],"line":23}},"s":{"0":0,"1":0,"2":0,"3":0,"4":0,"5":0,"6":0,"7":0,"8":0,"9":0,"10":0},"f":{"0":0,"1":0},"b":{"0":[0,0],"1":[0,0,0],"2":[0,0]}}
,"E:\\Gab The Developer\\Sites\\plataforma-gamificada\\src\\components\\Container\\index.tsx": {"path":"E:\\Gab The Developer\\Sites\\plataforma-gamificada\\src\\components\\Container\\index.tsx","statementMap":{"0":{"start":{"line":9,"column":18},"end":{"line":23,"column":1}},"1":{"start":{"line":11,"column":2},"end":{"line":16,"column":3}},"2":{"start":{"line":12,"column":2},"end":{"line":16,"column":3}},"3":{"start":{"line":18,"column":2},"end":{"line":22,"column":3}}},"fnMap":{"0":{"name":"(anonymous_0)","decl":{"start":{"line":9,"column":18},"end":{"line":9,"column":19}},"loc":{"start":{"line":9,"column":69},"end":{"line":23,"column":1}},"line":9}},"branchMap":{"0":{"loc":{"start":{"line":9,"column":31},"end":{"line":9,"column":46}},"type":"default-arg","locations":[{"start":{"line":9,"column":37},"end":{"line":9,"column":46}}],"line":9},"1":{"loc":{"start":{"line":11,"column":2},"end":{"line":16,"column":3}},"type":"if","locations":[{"start":{"line":11,"column":2},"end":{"line":16,"column":3}},{"start":{},"end":{}}],"line":11}},"s":{"0":0,"1":0,"2":0,"3":0},"f":{"0":0},"b":{"0":[0],"1":[0,0]}}
,"E:\\Gab The Developer\\Sites\\plataforma-gamificada\\src\\components\\Filter\\Filter.tsx": {"path":"E:\\Gab The Developer\\Sites\\plataforma-gamificada\\src\\components\\Filter\\Filter.tsx","statementMap":{"0":{"start":{"line":9,"column":15},"end":{"line":31,"column":1}},"1":{"start":{"line":10,"column":30},"end":{"line":10,"column":61}},"2":{"start":{"line":12,"column":2},"end":{"line":30,"column":3}},"3":{"start":{"line":17,"column":33},"end":{"line":17,"column":50}},"4":{"start":{"line":22,"column":115},"end":{"line":22,"column":140}},"5":{"start":{"line":22,"column":158},"end":{"line":22,"column":190}},"6":{"start":{"line":23,"column":121},"end":{"line":23,"column":157}},"7":{"start":{"line":24,"column":112},"end":{"line":24,"column":146}},"8":{"start":{"line":25,"column":123},"end":{"line":25,"column":148}},"9":{"start":{"line":25,"column":166},"end":{"line":25,"column":198}}},"fnMap":{"0":{"name":"(anonymous_0)","decl":{"start":{"line":9,"column":15},"end":{"line":9,"column":16}},"loc":{"start":{"line":9,"column":44},"end":{"line":31,"column":1}},"line":9},"1":{"name":"(anonymous_1)","decl":{"start":{"line":17,"column":27},"end":{"line":17,"column":28}},"loc":{"start":{"line":17,"column":33},"end":{"line":17,"column":50}},"line":17},"2":{"name":"(anonymous_2)","decl":{"start":{"line":22,"column":105},"end":{"line":22,"column":106}},"loc":{"start":{"line":22,"column":115},"end":{"line":22,"column":140}},"line":22},"3":{"name":"(anonymous_3)","decl":{"start":{"line":22,"column":146},"end":{"line":22,"column":147}},"loc":{"start":{"line":22,"column":158},"end":{"line":22,"column":190}},"line":22},"4":{"name":"(anonymous_4)","decl":{"start":{"line":23,"column":107},"end":{"line":23,"column":108}},"loc":{"start":{"line":23,"column":121},"end":{"line":23,"column":157}},"line":23},"5":{"name":"(anonymous_5)","decl":{"start":{"line":24,"column":99},"end":{"line":24,"column":100}},"loc":{"start":{"line":24,"column":112},"end":{"line":24,"column":146}},"line":24},"6":{"name":"(anonymous_6)","decl":{"start":{"line":25,"column":113},"end":{"line":25,"column":114}},"loc":{"start":{"line":25,"column":123},"end":{"line":25,"column":148}},"line":25},"7":{"name":"(anonymous_7)","decl":{"start":{"line":25,"column":154},"end":{"line":25,"column":155}},"loc":{"start":{"line":25,"column":166},"end":{"line":25,"column":198}},"line":25}},"branchMap":{"0":{"loc":{"start":{"line":21,"column":11},"end":{"line":21,"column":199}},"type":"binary-expr","locations":[{"start":{"line":21,"column":11},"end":{"line":21,"column":25}},{"start":{"line":21,"column":29},"end":{"line":21,"column":199}}],"line":21},"1":{"loc":{"start":{"line":22,"column":11},"end":{"line":22,"column":196}},"type":"binary-expr","locations":[{"start":{"line":22,"column":11},"end":{"line":22,"column":26}},{"start":{"line":22,"column":30},"end":{"line":22,"column":196}}],"line":22},"2":{"loc":{"start":{"line":23,"column":11},"end":{"line":23,"column":163}},"type":"binary-expr","locations":[{"start":{"line":23,"column":11},"end":{"line":23,"column":26}},{"start":{"line":23,"column":30},"end":{"line":23,"column":163}}],"line":23},"3":{"loc":{"start":{"line":24,"column":11},"end":{"line":24,"column":152}},"type":"binary-expr","locations":[{"start":{"line":24,"column":11},"end":{"line":24,"column":24}},{"start":{"line":24,"column":28},"end":{"line":24,"column":152}}],"line":24},"4":{"loc":{"start":{"line":25,"column":11},"end":{"line":25,"column":204}},"type":"binary-expr","locations":[{"start":{"line":25,"column":11},"end":{"line":25,"column":28}},{"start":{"line":25,"column":32},"end":{"line":25,"column":204}}],"line":25},"5":{"loc":{"start":{"line":26,"column":11},"end":{"line":26,"column":161}},"type":"binary-expr","locations":[{"start":{"line":26,"column":11},"end":{"line":26,"column":25}},{"start":{"line":26,"column":29},"end":{"line":26,"column":161}}],"line":26}},"s":{"0":0,"1":0,"2":0,"3":0,"4":0,"5":0,"6":0,"7":0,"8":0,"9":0},"f":{"0":0,"1":0,"2":0,"3":0,"4":0,"5":0,"6":0,"7":0},"b":{"0":[0,0],"1":[0,0],"2":[0,0],"3":[0,0],"4":[0,0],"5":[0,0]}}
,"E:\\Gab The Developer\\Sites\\plataforma-gamificada\\src\\components\\Filter\\FilterOptions.tsx": {"path":"E:\\Gab The Developer\\Sites\\plataforma-gamificada\\src\\components\\Filter\\FilterOptions.tsx","statementMap":{"0":{"start":{"line":8,"column":22},"end":{"line":42,"column":1}},"1":{"start":{"line":9,"column":32},"end":{"line":9,"column":63}},"2":{"start":{"line":10,"column":42},"end":{"line":10,"column":71}},"3":{"start":{"line":13,"column":25},"end":{"line":13,"column":36}},"4":{"start":{"line":15,"column":4},"end":{"line":19,"column":5}},"5":{"start":{"line":16,"column":6},"end":{"line":16,"column":37}},"6":{"start":{"line":18,"column":6},"end":{"line":18,"column":86}},"7":{"start":{"line":18,"column":71},"end":{"line":18,"column":84}},"8":{"start":{"line":21,"column":4},"end":{"line":21,"column":28}},"9":{"start":{"line":22,"column":4},"end":{"line":22,"column":29}},"10":{"start":{"line":25,"column":2},"end":{"line":41,"column":3}},"11":{"start":{"line":27,"column":26},"end":{"line":27,"column":56}},"12":{"start":{"line":34,"column":10},"end":{"line":37,"column":16}},"13":{"start":{"line":35,"column":98},"end":{"line":35,"column":124}}},"fnMap":{"0":{"name":"(anonymous_0)","decl":{"start":{"line":8,"column":22},"end":{"line":8,"column":23}},"loc":{"start":{"line":8,"column":104},"end":{"line":42,"column":1}},"line":8},"1":{"name":"handleFilter","decl":{"start":{"line":12,"column":11},"end":{"line":12,"column":23}},"loc":{"start":{"line":12,"column":82},"end":{"line":23,"column":3}},"line":12},"2":{"name":"(anonymous_2)","decl":{"start":{"line":18,"column":59},"end":{"line":18,"column":60}},"loc":{"start":{"line":18,"column":71},"end":{"line":18,"column":84}},"line":18},"3":{"name":"(anonymous_3)","decl":{"start":{"line":27,"column":20},"end":{"line":27,"column":21}},"loc":{"start":{"line":27,"column":26},"end":{"line":27,"column":56}},"line":27},"4":{"name":"(anonymous_4)","decl":{"start":{"line":33,"column":21},"end":{"line":33,"column":22}},"loc":{"start":{"line":34,"column":10},"end":{"line":37,"column":16}},"line":34},"5":{"name":"(anonymous_5)","decl":{"start":{"line":35,"column":91},"end":{"line":35,"column":92}},"loc":{"start":{"line":35,"column":98},"end":{"line":35,"column":124}},"line":35}},"branchMap":{"0":{"loc":{"start":{"line":15,"column":4},"end":{"line":19,"column":5}},"type":"if","locations":[{"start":{"line":15,"column":4},"end":{"line":19,"column":5}},{"start":{"line":17,"column":11},"end":{"line":19,"column":5}}],"line":15},"1":{"loc":{"start":{"line":29,"column":9},"end":{"line":29,"column":50}},"type":"cond-expr","locations":[{"start":{"line":29,"column":24},"end":{"line":29,"column":36}},{"start":{"line":29,"column":40},"end":{"line":29,"column":50}}],"line":29},"2":{"loc":{"start":{"line":32,"column":7},"end":{"line":39,"column":13}},"type":"binary-expr","locations":[{"start":{"line":32,"column":7},"end":{"line":32,"column":19}},{"start":{"line":32,"column":24},"end":{"line":39,"column":12}}],"line":32}},"s":{"0":0,"1":0,"2":0,"3":0,"4":0,"5":0,"6":0,"7":0,"8":0,"9":0,"10":0,"11":0,"12":0,"13":0},"f":{"0":0,"1":0,"2":0,"3":0,"4":0,"5":0},"b":{"0":[0,0],"1":[0,0],"2":[0,0]}}
,"E:\\Gab The Developer\\Sites\\plataforma-gamificada\\src\\components\\Footer\\index.tsx": {"path":"E:\\Gab The Developer\\Sites\\plataforma-gamificada\\src\\components\\Footer\\index.tsx","statementMap":{"0":{"start":{"line":3,"column":15},"end":{"line":10,"column":1}},"1":{"start":{"line":5,"column":2},"end":{"line":9,"column":3}}},"fnMap":{"0":{"name":"(anonymous_0)","decl":{"start":{"line":3,"column":15},"end":{"line":3,"column":16}},"loc":{"start":{"line":3,"column":21},"end":{"line":10,"column":1}},"line":3}},"branchMap":{},"s":{"0":0,"1":0},"f":{"0":0},"b":{}}
,"E:\\Gab The Developer\\Sites\\plataforma-gamificada\\src\\components\\Header\\index.tsx": {"path":"E:\\Gab The Developer\\Sites\\plataforma-gamificada\\src\\components\\Header\\index.tsx","statementMap":{"0":{"start":{"line":7,"column":15},"end":{"line":27,"column":1}},"1":{"start":{"line":8,"column":28},"end":{"line":8,"column":37}},"2":{"start":{"line":9,"column":15},"end":{"line":9,"column":30}},"3":{"start":{"line":11,"column":2},"end":{"line":26,"column":3}}},"fnMap":{"0":{"name":"(anonymous_0)","decl":{"start":{"line":7,"column":15},"end":{"line":7,"column":16}},"loc":{"start":{"line":7,"column":21},"end":{"line":27,"column":1}},"line":7}},"branchMap":{"0":{"loc":{"start":{"line":16,"column":11},"end":{"line":22,"column":11}},"type":"cond-expr","locations":[{"start":{"line":17,"column":12},"end":{"line":19,"column":15}},{"start":{"line":21,"column":12},"end":{"line":21,"column":118}}],"line":16},"1":{"loc":{"start":{"line":21,"column":22},"end":{"line":21,"column":86}},"type":"cond-expr","locations":[{"start":{"line":21,"column":62},"end":{"line":21,"column":71}},{"start":{"line":21,"column":74},"end":{"line":21,"column":86}}],"line":21}},"s":{"0":0,"1":0,"2":0,"3":0},"f":{"0":0},"b":{"0":[0,0],"1":[0,0]}}
,"E:\\Gab The Developer\\Sites\\plataforma-gamificada\\src\\components\\Helper\\Error.tsx": {"path":"E:\\Gab The Developer\\Sites\\plataforma-gamificada\\src\\components\\Helper\\Error.tsx","statementMap":{"0":{"start":{"line":7,"column":14},"end":{"line":12,"column":1}},"1":{"start":{"line":9,"column":2},"end":{"line":11,"column":3}}},"fnMap":{"0":{"name":"(anonymous_0)","decl":{"start":{"line":7,"column":14},"end":{"line":7,"column":15}},"loc":{"start":{"line":7,"column":43},"end":{"line":12,"column":1}},"line":7}},"branchMap":{},"s":{"0":0,"1":0},"f":{"0":0},"b":{}}
,"E:\\Gab The Developer\\Sites\\plataforma-gamificada\\src\\components\\Helper\\ProtectedRoutes.tsx": {"path":"E:\\Gab The Developer\\Sites\\plataforma-gamificada\\src\\components\\Helper\\ProtectedRoutes.tsx","statementMap":{"0":{"start":{"line":11,"column":24},"end":{"line":26,"column":1}},"1":{"start":{"line":12,"column":28},"end":{"line":12,"column":37}},"2":{"start":{"line":13,"column":15},"end":{"line":13,"column":30}},"3":{"start":{"line":15,"column":2},"end":{"line":25,"column":3}},"4":{"start":{"line":16,"column":4},"end":{"line":22,"column":5}},"5":{"start":{"line":16,"column":39},"end":{"line":16,"column":61}},"6":{"start":{"line":17,"column":6},"end":{"line":17,"column":45}},"7":{"start":{"line":18,"column":11},"end":{"line":22,"column":5}},"8":{"start":{"line":19,"column":6},"end":{"line":19,"column":41}},"9":{"start":{"line":20,"column":11},"end":{"line":22,"column":5}},"10":{"start":{"line":21,"column":6},"end":{"line":21,"column":38}},"11":{"start":{"line":24,"column":4},"end":{"line":24,"column":30}}},"fnMap":{"0":{"name":"(anonymous_0)","decl":{"start":{"line":11,"column":24},"end":{"line":11,"column":25}},"loc":{"start":{"line":11,"column":70},"end":{"line":26,"column":1}},"line":11},"1":{"name":"(anonymous_1)","decl":{"start":{"line":16,"column":27},"end":{"line":16,"column":28}},"loc":{"start":{"line":16,"column":39},"end":{"line":16,"column":61}},"line":16}},"branchMap":{"0":{"loc":{"start":{"line":15,"column":2},"end":{"line":25,"column":3}},"type":"if","locations":[{"start":{"line":15,"column":2},"end":{"line":25,"column":3}},{"start":{"line":23,"column":9},"end":{"line":25,"column":3}}],"line":15},"1":{"loc":{"start":{"line":16,"column":4},"end":{"line":22,"column":5}},"type":"if","locations":[{"start":{"line":16,"column":4},"end":{"line":22,"column":5}},{"start":{"line":18,"column":11},"end":{"line":22,"column":5}}],"line":16},"2":{"loc":{"start":{"line":17,"column":13},"end":{"line":17,"column":45}},"type":"cond-expr","locations":[{"start":{"line":17,"column":24},"end":{"line":17,"column":32}},{"start":{"line":17,"column":35},"end":{"line":17,"column":45}}],"line":17},"3":{"loc":{"start":{"line":18,"column":11},"end":{"line":22,"column":5}},"type":"if","locations":[{"start":{"line":18,"column":11},"end":{"line":22,"column":5}},{"start":{"line":20,"column":11},"end":{"line":22,"column":5}}],"line":18},"4":{"loc":{"start":{"line":20,"column":11},"end":{"line":22,"column":5}},"type":"if","locations":[{"start":{"line":20,"column":11},"end":{"line":22,"column":5}},{"start":{},"end":{}}],"line":20},"5":{"loc":{"start":{"line":20,"column":15},"end":{"line":20,"column":67}},"type":"binary-expr","locations":[{"start":{"line":20,"column":15},"end":{"line":20,"column":40}},{"start":{"line":20,"column":44},"end":{"line":20,"column":67}}],"line":20}},"s":{"0":0,"1":0,"2":0,"3":0,"4":0,"5":0,"6":0,"7":0,"8":0,"9":0,"10":0,"11":0},"f":{"0":0,"1":0},"b":{"0":[0,0],"1":[0,0],"2":[0,0],"3":[0,0],"4":[0,0],"5":[0,0]}}
,"E:\\Gab The Developer\\Sites\\plataforma-gamificada\\src\\components\\Icons\\Contract.tsx": {"path":"E:\\Gab The Developer\\Sites\\plataforma-gamificada\\src\\components\\Icons\\Contract.tsx","statementMap":{"0":{"start":{"line":1,"column":15},"end":{"line":6,"column":1}},"1":{"start":{"line":3,"column":2},"end":{"line":5,"column":3}}},"fnMap":{"0":{"name":"(anonymous_0)","decl":{"start":{"line":1,"column":15},"end":{"line":1,"column":16}},"loc":{"start":{"line":1,"column":21},"end":{"line":6,"column":1}},"line":1}},"branchMap":{},"s":{"0":0,"1":0},"f":{"0":0},"b":{}}
,"E:\\Gab The Developer\\Sites\\plataforma-gamificada\\src\\components\\Icons\\DeleteIcon.tsx": {"path":"E:\\Gab The Developer\\Sites\\plataforma-gamificada\\src\\components\\Icons\\DeleteIcon.tsx","statementMap":{"0":{"start":{"line":1,"column":19},"end":{"line":7,"column":1}},"1":{"start":{"line":3,"column":2},"end":{"line":6,"column":3}}},"fnMap":{"0":{"name":"(anonymous_0)","decl":{"start":{"line":1,"column":19},"end":{"line":1,"column":20}},"loc":{"start":{"line":1,"column":25},"end":{"line":7,"column":1}},"line":1}},"branchMap":{},"s":{"0":0,"1":0},"f":{"0":0},"b":{}}
,"E:\\Gab The Developer\\Sites\\plataforma-gamificada\\src\\components\\Icons\\EditIcon.tsx": {"path":"E:\\Gab The Developer\\Sites\\plataforma-gamificada\\src\\components\\Icons\\EditIcon.tsx","statementMap":{"0":{"start":{"line":1,"column":17},"end":{"line":7,"column":1}},"1":{"start":{"line":3,"column":2},"end":{"line":6,"column":3}}},"fnMap":{"0":{"name":"(anonymous_0)","decl":{"start":{"line":1,"column":17},"end":{"line":1,"column":18}},"loc":{"start":{"line":1,"column":23},"end":{"line":7,"column":1}},"line":1}},"branchMap":{},"s":{"0":0,"1":0},"f":{"0":0},"b":{}}
,"E:\\Gab The Developer\\Sites\\plataforma-gamificada\\src\\components\\Icons\\EvaluateIcon.tsx": {"path":"E:\\Gab The Developer\\Sites\\plataforma-gamificada\\src\\components\\Icons\\EvaluateIcon.tsx","statementMap":{"0":{"start":{"line":1,"column":21},"end":{"line":7,"column":1}},"1":{"start":{"line":3,"column":2},"end":{"line":6,"column":3}}},"fnMap":{"0":{"name":"(anonymous_0)","decl":{"start":{"line":1,"column":21},"end":{"line":1,"column":22}},"loc":{"start":{"line":1,"column":27},"end":{"line":7,"column":1}},"line":1}},"branchMap":{},"s":{"0":0,"1":0},"f":{"0":0},"b":{}}
,"E:\\Gab The Developer\\Sites\\plataforma-gamificada\\src\\components\\Icons\\Expand.tsx": {"path":"E:\\Gab The Developer\\Sites\\plataforma-gamificada\\src\\components\\Icons\\Expand.tsx","statementMap":{"0":{"start":{"line":1,"column":17},"end":{"line":6,"column":1}},"1":{"start":{"line":3,"column":2},"end":{"line":5,"column":3}}},"fnMap":{"0":{"name":"(anonymous_0)","decl":{"start":{"line":1,"column":17},"end":{"line":1,"column":18}},"loc":{"start":{"line":1,"column":23},"end":{"line":6,"column":1}},"line":1}},"branchMap":{},"s":{"0":0,"1":0},"f":{"0":0},"b":{}}
,"E:\\Gab The Developer\\Sites\\plataforma-gamificada\\src\\components\\Icons\\FilterIcon.tsx": {"path":"E:\\Gab The Developer\\Sites\\plataforma-gamificada\\src\\components\\Icons\\FilterIcon.tsx","statementMap":{"0":{"start":{"line":1,"column":19},"end":{"line":6,"column":1}},"1":{"start":{"line":3,"column":2},"end":{"line":5,"column":3}}},"fnMap":{"0":{"name":"(anonymous_0)","decl":{"start":{"line":1,"column":19},"end":{"line":1,"column":20}},"loc":{"start":{"line":1,"column":25},"end":{"line":6,"column":1}},"line":1}},"branchMap":{},"s":{"0":0,"1":0},"f":{"0":0},"b":{}}
,"E:\\Gab The Developer\\Sites\\plataforma-gamificada\\src\\components\\Icons\\MoreInfo.tsx": {"path":"E:\\Gab The Developer\\Sites\\plataforma-gamificada\\src\\components\\Icons\\MoreInfo.tsx","statementMap":{"0":{"start":{"line":1,"column":17},"end":{"line":7,"column":1}},"1":{"start":{"line":3,"column":2},"end":{"line":6,"column":3}}},"fnMap":{"0":{"name":"(anonymous_0)","decl":{"start":{"line":1,"column":17},"end":{"line":1,"column":18}},"loc":{"start":{"line":1,"column":23},"end":{"line":7,"column":1}},"line":1}},"branchMap":{},"s":{"0":0,"1":0},"f":{"0":0},"b":{}}
,"E:\\Gab The Developer\\Sites\\plataforma-gamificada\\src\\components\\Icons\\StartLesson.tsx": {"path":"E:\\Gab The Developer\\Sites\\plataforma-gamificada\\src\\components\\Icons\\StartLesson.tsx","statementMap":{"0":{"start":{"line":1,"column":20},"end":{"line":7,"column":1}},"1":{"start":{"line":3,"column":2},"end":{"line":6,"column":3}}},"fnMap":{"0":{"name":"(anonymous_0)","decl":{"start":{"line":1,"column":20},"end":{"line":1,"column":21}},"loc":{"start":{"line":1,"column":26},"end":{"line":7,"column":1}},"line":1}},"branchMap":{},"s":{"0":0,"1":0},"f":{"0":0},"b":{}}
,"E:\\Gab The Developer\\Sites\\plataforma-gamificada\\src\\components\\Icons\\StudentDataIcon.tsx": {"path":"E:\\Gab The Developer\\Sites\\plataforma-gamificada\\src\\components\\Icons\\StudentDataIcon.tsx","statementMap":{"0":{"start":{"line":1,"column":24},"end":{"line":6,"column":1}},"1":{"start":{"line":3,"column":2},"end":{"line":5,"column":3}}},"fnMap":{"0":{"name":"(anonymous_0)","decl":{"start":{"line":1,"column":24},"end":{"line":1,"column":25}},"loc":{"start":{"line":1,"column":30},"end":{"line":6,"column":1}},"line":1}},"branchMap":{},"s":{"0":0,"1":0},"f":{"0":0},"b":{}}
,"E:\\Gab The Developer\\Sites\\plataforma-gamificada\\src\\components\\Inputs\\Input.tsx": {"path":"E:\\Gab The Developer\\Sites\\plataforma-gamificada\\src\\components\\Inputs\\Input.tsx","statementMap":{"0":{"start":{"line":10,"column":14},"end":{"line":19,"column":1}},"1":{"start":{"line":12,"column":2},"end":{"line":18,"column":3}}},"fnMap":{"0":{"name":"(anonymous_0)","decl":{"start":{"line":10,"column":14},"end":{"line":10,"column":15}},"loc":{"start":{"line":10,"column":85},"end":{"line":19,"column":1}},"line":10}},"branchMap":{"0":{"loc":{"start":{"line":16,"column":7},"end":{"line":16,"column":38}},"type":"binary-expr","locations":[{"start":{"line":16,"column":7},"end":{"line":16,"column":12}},{"start":{"line":16,"column":16},"end":{"line":16,"column":38}}],"line":16}},"s":{"0":0,"1":0},"f":{"0":0},"b":{"0":[0,0]}}
,"E:\\Gab The Developer\\Sites\\plataforma-gamificada\\src\\components\\Inputs\\Select.tsx": {"path":"E:\\Gab The Developer\\Sites\\plataforma-gamificada\\src\\components\\Inputs\\Select.tsx","statementMap":{"0":{"start":{"line":9,"column":15},"end":{"line":23,"column":1}},"1":{"start":{"line":11,"column":2},"end":{"line":22,"column":3}},"2":{"start":{"line":17,"column":10},"end":{"line":17,"column":65}}},"fnMap":{"0":{"name":"(anonymous_0)","decl":{"start":{"line":9,"column":15},"end":{"line":9,"column":16}},"loc":{"start":{"line":9,"column":90},"end":{"line":23,"column":1}},"line":9},"1":{"name":"(anonymous_1)","decl":{"start":{"line":16,"column":21},"end":{"line":16,"column":22}},"loc":{"start":{"line":17,"column":10},"end":{"line":17,"column":65}},"line":17}},"branchMap":{"0":{"loc":{"start":{"line":20,"column":7},"end":{"line":20,"column":36}},"type":"binary-expr","locations":[{"start":{"line":20,"column":7},"end":{"line":20,"column":12}},{"start":{"line":20,"column":16},"end":{"line":20,"column":36}}],"line":20}},"s":{"0":0,"1":0,"2":0},"f":{"0":0,"1":0},"b":{"0":[0,0]}}
,"E:\\Gab The Developer\\Sites\\plataforma-gamificada\\src\\components\\Inputs\\Textarea.tsx": {"path":"E:\\Gab The Developer\\Sites\\plataforma-gamificada\\src\\components\\Inputs\\Textarea.tsx","statementMap":{"0":{"start":{"line":9,"column":17},"end":{"line":18,"column":1}},"1":{"start":{"line":11,"column":2},"end":{"line":17,"column":3}}},"fnMap":{"0":{"name":"(anonymous_0)","decl":{"start":{"line":9,"column":17},"end":{"line":9,"column":18}},"loc":{"start":{"line":9,"column":91},"end":{"line":18,"column":1}},"line":9}},"branchMap":{"0":{"loc":{"start":{"line":15,"column":7},"end":{"line":15,"column":36}},"type":"binary-expr","locations":[{"start":{"line":15,"column":7},"end":{"line":15,"column":12}},{"start":{"line":15,"column":16},"end":{"line":15,"column":36}}],"line":15}},"s":{"0":0,"1":0},"f":{"0":0},"b":{"0":[0,0]}}
,"E:\\Gab The Developer\\Sites\\plataforma-gamificada\\src\\components\\Message\\Message.tsx": {"path":"E:\\Gab The Developer\\Sites\\plataforma-gamificada\\src\\components\\Message\\Message.tsx","statementMap":{"0":{"start":{"line":6,"column":16},"end":{"line":27,"column":1}},"1":{"start":{"line":7,"column":33},"end":{"line":7,"column":64}},"2":{"start":{"line":10,"column":4},"end":{"line":12,"column":5}},"3":{"start":{"line":11,"column":6},"end":{"line":11,"column":25}},"4":{"start":{"line":14,"column":4},"end":{"line":14,"column":22}},"5":{"start":{"line":18,"column":2},"end":{"line":26,"column":3}},"6":{"start":{"line":22,"column":63},"end":{"line":22,"column":80}},"7":{"start":{"line":23,"column":31},"end":{"line":23,"column":49}}},"fnMap":{"0":{"name":"(anonymous_0)","decl":{"start":{"line":6,"column":16},"end":{"line":6,"column":17}},"loc":{"start":{"line":6,"column":22},"end":{"line":27,"column":1}},"line":6},"1":{"name":"handleClick","decl":{"start":{"line":9,"column":11},"end":{"line":9,"column":22}},"loc":{"start":{"line":9,"column":46},"end":{"line":15,"column":3}},"line":9},"2":{"name":"(anonymous_2)","decl":{"start":{"line":22,"column":57},"end":{"line":22,"column":58}},"loc":{"start":{"line":22,"column":63},"end":{"line":22,"column":80}},"line":22},"3":{"name":"(anonymous_3)","decl":{"start":{"line":23,"column":25},"end":{"line":23,"column":26}},"loc":{"start":{"line":23,"column":31},"end":{"line":23,"column":49}},"line":23}},"branchMap":{"0":{"loc":{"start":{"line":10,"column":4},"end":{"line":12,"column":5}},"type":"if","locations":[{"start":{"line":10,"column":4},"end":{"line":12,"column":5}},{"start":{},"end":{}}],"line":10},"1":{"loc":{"start":{"line":10,"column":8},"end":{"line":10,"column":44}},"type":"binary-expr","locations":[{"start":{"line":10,"column":8},"end":{"line":10,"column":14}},{"start":{"line":10,"column":18},"end":{"line":10,"column":44}}],"line":10},"2":{"loc":{"start":{"line":22,"column":9},"end":{"line":22,"column":102}},"type":"binary-expr","locations":[{"start":{"line":22,"column":9},"end":{"line":22,"column":35}},{"start":{"line":22,"column":40},"end":{"line":22,"column":101}}],"line":22},"3":{"loc":{"start":{"line":23,"column":52},"end":{"line":23,"column":98}},"type":"cond-expr","locations":[{"start":{"line":23,"column":81},"end":{"line":23,"column":91}},{"start":{"line":23,"column":94},"end":{"line":23,"column":98}}],"line":23}},"s":{"0":0,"1":0,"2":0,"3":0,"4":0,"5":0,"6":0,"7":0},"f":{"0":0,"1":0,"2":0,"3":0},"b":{"0":[0,0],"1":[0,0],"2":[0,0],"3":[0,0]}}
,"E:\\Gab The Developer\\Sites\\plataforma-gamificada\\src\\components\\MobileInfo\\MobileInfo.tsx": {"path":"E:\\Gab The Developer\\Sites\\plataforma-gamificada\\src\\components\\MobileInfo\\MobileInfo.tsx","statementMap":{"0":{"start":{"line":6,"column":19},"end":{"line":20,"column":1}},"1":{"start":{"line":8,"column":2},"end":{"line":19,"column":3}},"2":{"start":{"line":12,"column":10},"end":{"line":15,"column":16}}},"fnMap":{"0":{"name":"(anonymous_0)","decl":{"start":{"line":6,"column":19},"end":{"line":6,"column":20}},"loc":{"start":{"line":6,"column":50},"end":{"line":20,"column":1}},"line":6},"1":{"name":"(anonymous_1)","decl":{"start":{"line":11,"column":18},"end":{"line":11,"column":19}},"loc":{"start":{"line":12,"column":10},"end":{"line":15,"column":16}},"line":12}},"branchMap":{},"s":{"0":0,"1":0,"2":0},"f":{"0":0,"1":0},"b":{}}
,"E:\\Gab The Developer\\Sites\\plataforma-gamificada\\src\\components\\Modal\\index.tsx": {"path":"E:\\Gab The Developer\\Sites\\plataforma-gamificada\\src\\components\\Modal\\index.tsx","statementMap":{"0":{"start":{"line":9,"column":14},"end":{"line":23,"column":1}},"1":{"start":{"line":10,"column":24},"end":{"line":10,"column":55}},"2":{"start":{"line":13,"column":4},"end":{"line":13,"column":56}},"3":{"start":{"line":13,"column":38},"end":{"line":13,"column":56}},"4":{"start":{"line":16,"column":2},"end":{"line":22,"column":3}}},"fnMap":{"0":{"name":"(anonymous_0)","decl":{"start":{"line":9,"column":14},"end":{"line":9,"column":15}},"loc":{"start":{"line":9,"column":44},"end":{"line":23,"column":1}},"line":9},"1":{"name":"handleToggle","decl":{"start":{"line":12,"column":11},"end":{"line":12,"column":23}},"loc":{"start":{"line":12,"column":67},"end":{"line":14,"column":3}},"line":12}},"branchMap":{"0":{"loc":{"start":{"line":13,"column":4},"end":{"line":13,"column":56}},"type":"if","locations":[{"start":{"line":13,"column":4},"end":{"line":13,"column":56}},{"start":{},"end":{}}],"line":13}},"s":{"0":0,"1":0,"2":0,"3":0,"4":0},"f":{"0":0,"1":0},"b":{"0":[0,0]}}
,"E:\\Gab The Developer\\Sites\\plataforma-gamificada\\src\\components\\PageNotFount\\index.tsx": {"path":"E:\\Gab The Developer\\Sites\\plataforma-gamificada\\src\\components\\PageNotFount\\index.tsx","statementMap":{"0":{"start":{"line":10,"column":21},"end":{"line":19,"column":1}},"1":{"start":{"line":12,"column":2},"end":{"line":18,"column":3}}},"fnMap":{"0":{"name":"(anonymous_0)","decl":{"start":{"line":10,"column":21},"end":{"line":10,"column":22}},"loc":{"start":{"line":10,"column":71},"end":{"line":19,"column":1}},"line":10}},"branchMap":{},"s":{"0":0,"1":0},"f":{"0":0},"b":{}}
,"E:\\Gab The Developer\\Sites\\plataforma-gamificada\\src\\hooks\\useData.tsx": {"path":"E:\\Gab The Developer\\Sites\\plataforma-gamificada\\src\\hooks\\useData.tsx","statementMap":{"0":{"start":{"line":45,"column":16},"end":{"line":591,"column":1}},"1":{"start":{"line":46,"column":31},"end":{"line":46,"column":62}},"2":{"start":{"line":47,"column":19},"end":{"line":47,"column":32}},"3":{"start":{"line":50,"column":4},"end":{"line":191,"column":5}},"4":{"start":{"line":52,"column":29},"end":{"line":60,"column":7}},"5":{"start":{"line":62,"column":31},"end":{"line":70,"column":7}},"6":{"start":{"line":72,"column":31},"end":{"line":80,"column":7}},"7":{"start":{"line":82,"column":34},"end":{"line":93,"column":7}},"8":{"start":{"line":95,"column":34},"end":{"line":106,"column":7}},"9":{"start":{"line":108,"column":34},"end":{"line":119,"column":7}},"10":{"start":{"line":121,"column":29},"end":{"line":127,"column":7}},"11":{"start":{"line":129,"column":29},"end":{"line":135,"column":7}},"12":{"start":{"line":137,"column":29},"end":{"line":143,"column":7}},"13":{"start":{"line":145,"column":32},"end":{"line":160,"column":7}},"14":{"start":{"line":162,"column":33},"end":{"line":167,"column":7}},"15":{"start":{"line":169,"column":33},"end":{"line":174,"column":7}},"16":{"start":{"line":176,"column":34},"end":{"line":188,"column":7}},"17":{"start":{"line":190,"column":6},"end":{"line":190,"column":57}},"18":{"start":{"line":195,"column":4},"end":{"line":195,"column":62}},"19":{"start":{"line":199,"column":17},"end":{"line":199,"column":26}},"20":{"start":{"line":201,"column":4},"end":{"line":203,"column":5}},"21":{"start":{"line":202,"column":6},"end":{"line":202,"column":55}},"22":{"start":{"line":202,"column":39},"end":{"line":202,"column":53}},"23":{"start":{"line":207,"column":17},"end":{"line":207,"column":26}},"24":{"start":{"line":209,"column":4},"end":{"line":215,"column":5}},"25":{"start":{"line":210,"column":6},"end":{"line":210,"column":82}},"26":{"start":{"line":210,"column":41},"end":{"line":210,"column":66}},"27":{"start":{"line":211,"column":11},"end":{"line":215,"column":5}},"28":{"start":{"line":212,"column":6},"end":{"line":212,"column":79}},"29":{"start":{"line":212,"column":41},"end":{"line":212,"column":66}},"30":{"start":{"line":213,"column":11},"end":{"line":215,"column":5}},"31":{"start":{"line":214,"column":6},"end":{"line":214,"column":77}},"32":{"start":{"line":214,"column":41},"end":{"line":214,"column":64}},"33":{"start":{"line":219,"column":23},"end":{"line":219,"column":32}},"34":{"start":{"line":220,"column":4},"end":{"line":220,"column":32}},"35":{"start":{"line":221,"column":4},"end":{"line":221,"column":61}},"36":{"start":{"line":222,"column":4},"end":{"line":222,"column":24}},"37":{"start":{"line":226,"column":21},"end":{"line":226,"column":30}},"38":{"start":{"line":227,"column":4},"end":{"line":227,"column":97}},"39":{"start":{"line":227,"column":74},"end":{"line":227,"column":94}},"40":{"start":{"line":228,"column":4},"end":{"line":228,"column":61}},"41":{"start":{"line":229,"column":4},"end":{"line":229,"column":24}},"42":{"start":{"line":233,"column":23},"end":{"line":233,"column":32}},"43":{"start":{"line":234,"column":4},"end":{"line":240,"column":6}},"44":{"start":{"line":235,"column":6},"end":{"line":237,"column":7}},"45":{"start":{"line":236,"column":8},"end":{"line":236,"column":62}},"46":{"start":{"line":239,"column":6},"end":{"line":239,"column":18}},"47":{"start":{"line":242,"column":4},"end":{"line":242,"column":61}},"48":{"start":{"line":243,"column":4},"end":{"line":243,"column":24}},"49":{"start":{"line":247,"column":17},"end":{"line":247,"column":26}},"50":{"start":{"line":248,"column":17},"end":{"line":248,"column":122}},"51":{"start":{"line":248,"column":43},"end":{"line":248,"column":121}},"52":{"start":{"line":250,"column":4},"end":{"line":264,"column":5}},"53":{"start":{"line":251,"column":6},"end":{"line":251,"column":44}},"54":{"start":{"line":252,"column":6},"end":{"line":252,"column":21}},"55":{"start":{"line":254,"column":6},"end":{"line":258,"column":7}},"56":{"start":{"line":255,"column":8},"end":{"line":255,"column":31}},"57":{"start":{"line":257,"column":8},"end":{"line":257,"column":28}},"58":{"start":{"line":260,"column":11},"end":{"line":264,"column":5}},"59":{"start":{"line":261,"column":6},"end":{"line":261,"column":33}},"60":{"start":{"line":263,"column":6},"end":{"line":263,"column":45}},"61":{"start":{"line":268,"column":17},"end":{"line":268,"column":26}},"62":{"start":{"line":269,"column":22},"end":{"line":269,"column":52}},"63":{"start":{"line":271,"column":4},"end":{"line":275,"column":5}},"64":{"start":{"line":272,"column":6},"end":{"line":272,"column":93}},"65":{"start":{"line":272,"column":39},"end":{"line":272,"column":91}},"66":{"start":{"line":274,"column":6},"end":{"line":274,"column":23}},"67":{"start":{"line":279,"column":4},"end":{"line":279,"column":38}},"68":{"start":{"line":280,"column":4},"end":{"line":280,"column":18}},"69":{"start":{"line":284,"column":22},"end":{"line":284,"column":31}},"70":{"start":{"line":286,"column":4},"end":{"line":286,"column":64}},"71":{"start":{"line":286,"column":42},"end":{"line":286,"column":62}},"72":{"start":{"line":290,"column":23},"end":{"line":290,"column":32}},"73":{"start":{"line":291,"column":4},"end":{"line":291,"column":39}},"74":{"start":{"line":292,"column":4},"end":{"line":292,"column":61}},"75":{"start":{"line":293,"column":4},"end":{"line":293,"column":24}},"76":{"start":{"line":297,"column":17},"end":{"line":297,"column":26}},"77":{"start":{"line":299,"column":4},"end":{"line":301,"column":5}},"78":{"start":{"line":300,"column":6},"end":{"line":300,"column":61}},"79":{"start":{"line":300,"column":43},"end":{"line":300,"column":59}},"80":{"start":{"line":307,"column":23},"end":{"line":307,"column":32}},"81":{"start":{"line":308,"column":4},"end":{"line":308,"column":81}},"82":{"start":{"line":308,"column":63},"end":{"line":308,"column":79}},"83":{"start":{"line":310,"column":4},"end":{"line":327,"column":7}},"84":{"start":{"line":311,"column":6},"end":{"line":326,"column":7}},"85":{"start":{"line":311,"column":83},"end":{"line":311,"column":99}},"86":{"start":{"line":313,"column":27},"end":{"line":313,"column":90}},"87":{"start":{"line":313,"column":73},"end":{"line":313,"column":89}},"88":{"start":{"line":314,"column":22},"end":{"line":314,"column":143}},"89":{"start":{"line":314,"column":63},"end":{"line":314,"column":79}},"90":{"start":{"line":314,"column":98},"end":{"line":314,"column":108}},"91":{"start":{"line":314,"column":132},"end":{"line":314,"column":142}},"92":{"start":{"line":316,"column":8},"end":{"line":321,"column":9}},"93":{"start":{"line":317,"column":10},"end":{"line":317,"column":27}},"94":{"start":{"line":318,"column":10},"end":{"line":318,"column":43}},"95":{"start":{"line":319,"column":10},"end":{"line":319,"column":40}},"96":{"start":{"line":320,"column":10},"end":{"line":320,"column":66}},"97":{"start":{"line":323,"column":8},"end":{"line":323,"column":41}},"98":{"start":{"line":325,"column":8},"end":{"line":325,"column":101}},"99":{"start":{"line":325,"column":83},"end":{"line":325,"column":99}},"100":{"start":{"line":329,"column":4},"end":{"line":329,"column":61}},"101":{"start":{"line":330,"column":4},"end":{"line":330,"column":24}},"102":{"start":{"line":334,"column":23},"end":{"line":334,"column":32}},"103":{"start":{"line":335,"column":4},"end":{"line":341,"column":7}},"104":{"start":{"line":336,"column":6},"end":{"line":338,"column":7}},"105":{"start":{"line":337,"column":8},"end":{"line":337,"column":27}},"106":{"start":{"line":340,"column":6},"end":{"line":340,"column":20}},"107":{"start":{"line":343,"column":4},"end":{"line":343,"column":61}},"108":{"start":{"line":344,"column":4},"end":{"line":344,"column":24}},"109":{"start":{"line":348,"column":23},"end":{"line":348,"column":32}},"110":{"start":{"line":350,"column":4},"end":{"line":350,"column":40}},"111":{"start":{"line":351,"column":4},"end":{"line":351,"column":61}},"112":{"start":{"line":352,"column":4},"end":{"line":352,"column":24}},"113":{"start":{"line":356,"column":23},"end":{"line":356,"column":32}},"114":{"start":{"line":357,"column":17},"end":{"line":357,"column":83}},"115":{"start":{"line":357,"column":49},"end":{"line":357,"column":70}},"116":{"start":{"line":358,"column":18},"end":{"line":358,"column":91}},"117":{"start":{"line":358,"column":49},"end":{"line":358,"column":58}},"118":{"start":{"line":358,"column":81},"end":{"line":358,"column":90}},"119":{"start":{"line":360,"column":4},"end":{"line":360,"column":83}},"120":{"start":{"line":360,"column":65},"end":{"line":360,"column":81}},"121":{"start":{"line":362,"column":4},"end":{"line":362,"column":30}},"122":{"start":{"line":364,"column":4},"end":{"line":369,"column":5}},"123":{"start":{"line":365,"column":6},"end":{"line":365,"column":44}},"124":{"start":{"line":366,"column":6},"end":{"line":366,"column":18}},"125":{"start":{"line":367,"column":6},"end":{"line":367,"column":22}},"126":{"start":{"line":368,"column":6},"end":{"line":368,"column":26}},"127":{"start":{"line":371,"column":4},"end":{"line":371,"column":23}},"128":{"start":{"line":373,"column":4},"end":{"line":379,"column":6}},"129":{"start":{"line":374,"column":6},"end":{"line":376,"column":7}},"130":{"start":{"line":375,"column":8},"end":{"line":375,"column":24}},"131":{"start":{"line":378,"column":6},"end":{"line":378,"column":21}},"132":{"start":{"line":381,"column":4},"end":{"line":381,"column":61}},"133":{"start":{"line":382,"column":4},"end":{"line":382,"column":24}},"134":{"start":{"line":386,"column":23},"end":{"line":386,"column":32}},"135":{"start":{"line":387,"column":4},"end":{"line":387,"column":37}},"136":{"start":{"line":388,"column":4},"end":{"line":388,"column":61}},"137":{"start":{"line":389,"column":4},"end":{"line":389,"column":24}},"138":{"start":{"line":393,"column":23},"end":{"line":393,"column":32}},"139":{"start":{"line":394,"column":4},"end":{"line":394,"column":74}},"140":{"start":{"line":394,"column":56},"end":{"line":394,"column":72}},"141":{"start":{"line":395,"column":4},"end":{"line":395,"column":61}},"142":{"start":{"line":396,"column":4},"end":{"line":396,"column":24}},"143":{"start":{"line":400,"column":17},"end":{"line":400,"column":26}},"144":{"start":{"line":401,"column":17},"end":{"line":401,"column":32}},"145":{"start":{"line":403,"column":4},"end":{"line":413,"column":5}},"146":{"start":{"line":404,"column":6},"end":{"line":404,"column":70}},"147":{"start":{"line":404,"column":43},"end":{"line":404,"column":68}},"148":{"start":{"line":405,"column":11},"end":{"line":413,"column":5}},"149":{"start":{"line":406,"column":6},"end":{"line":408,"column":85}},"150":{"start":{"line":407,"column":25},"end":{"line":407,"column":50}},"151":{"start":{"line":408,"column":25},"end":{"line":408,"column":83}},"152":{"start":{"line":408,"column":60},"end":{"line":408,"column":82}},"153":{"start":{"line":410,"column":6},"end":{"line":412,"column":85}},"154":{"start":{"line":411,"column":25},"end":{"line":411,"column":50}},"155":{"start":{"line":412,"column":25},"end":{"line":412,"column":83}},"156":{"start":{"line":412,"column":60},"end":{"line":412,"column":82}},"157":{"start":{"line":417,"column":23},"end":{"line":417,"column":32}},"158":{"start":{"line":418,"column":4},"end":{"line":424,"column":6}},"159":{"start":{"line":419,"column":6},"end":{"line":421,"column":7}},"160":{"start":{"line":420,"column":8},"end":{"line":420,"column":31}},"161":{"start":{"line":423,"column":6},"end":{"line":423,"column":19}},"162":{"start":{"line":426,"column":4},"end":{"line":426,"column":61}},"163":{"start":{"line":427,"column":4},"end":{"line":427,"column":24}},"164":{"start":{"line":431,"column":17},"end":{"line":431,"column":26}},"165":{"start":{"line":432,"column":20},"end":{"line":432,"column":70}},"166":{"start":{"line":432,"column":52},"end":{"line":432,"column":69}},"167":{"start":{"line":434,"column":4},"end":{"line":436,"column":5}},"168":{"start":{"line":435,"column":6},"end":{"line":435,"column":21}},"169":{"start":{"line":440,"column":23},"end":{"line":440,"column":32}},"170":{"start":{"line":441,"column":4},"end":{"line":441,"column":38}},"171":{"start":{"line":442,"column":4},"end":{"line":442,"column":61}},"172":{"start":{"line":443,"column":4},"end":{"line":443,"column":24}},"173":{"start":{"line":447,"column":23},"end":{"line":447,"column":32}},"174":{"start":{"line":448,"column":4},"end":{"line":448,"column":77}},"175":{"start":{"line":448,"column":60},"end":{"line":448,"column":76}},"176":{"start":{"line":449,"column":4},"end":{"line":449,"column":61}},"177":{"start":{"line":450,"column":4},"end":{"line":450,"column":24}},"178":{"start":{"line":454,"column":23},"end":{"line":454,"column":32}},"179":{"start":{"line":455,"column":4},"end":{"line":461,"column":6}},"180":{"start":{"line":456,"column":6},"end":{"line":458,"column":7}},"181":{"start":{"line":457,"column":8},"end":{"line":457,"column":33}},"182":{"start":{"line":460,"column":6},"end":{"line":460,"column":21}},"183":{"start":{"line":463,"column":4},"end":{"line":463,"column":61}},"184":{"start":{"line":464,"column":4},"end":{"line":464,"column":24}},"185":{"start":{"line":468,"column":17},"end":{"line":468,"column":26}},"186":{"start":{"line":469,"column":17},"end":{"line":469,"column":32}},"187":{"start":{"line":471,"column":4},"end":{"line":477,"column":5}},"188":{"start":{"line":472,"column":6},"end":{"line":472,"column":72}},"189":{"start":{"line":472,"column":45},"end":{"line":472,"column":70}},"190":{"start":{"line":474,"column":6},"end":{"line":476,"column":89}},"191":{"start":{"line":475,"column":27},"end":{"line":475,"column":54}},"192":{"start":{"line":476,"column":27},"end":{"line":476,"column":87}},"193":{"start":{"line":476,"column":64},"end":{"line":476,"column":86}},"194":{"start":{"line":481,"column":23},"end":{"line":481,"column":32}},"195":{"start":{"line":482,"column":4},"end":{"line":482,"column":54}},"196":{"start":{"line":483,"column":4},"end":{"line":483,"column":61}},"197":{"start":{"line":484,"column":4},"end":{"line":484,"column":24}},"198":{"start":{"line":488,"column":23},"end":{"line":488,"column":32}},"199":{"start":{"line":489,"column":23},"end":{"line":489,"column":38}},"200":{"start":{"line":491,"column":4},"end":{"line":497,"column":6}},"201":{"start":{"line":492,"column":6},"end":{"line":494,"column":7}},"202":{"start":{"line":493,"column":8},"end":{"line":493,"column":34}},"203":{"start":{"line":496,"column":6},"end":{"line":496,"column":18}},"204":{"start":{"line":500,"column":4},"end":{"line":500,"column":61}},"205":{"start":{"line":501,"column":4},"end":{"line":501,"column":24}},"206":{"start":{"line":505,"column":17},"end":{"line":505,"column":26}},"207":{"start":{"line":507,"column":4},"end":{"line":507,"column":75}},"208":{"start":{"line":507,"column":39},"end":{"line":507,"column":73}},"209":{"start":{"line":512,"column":17},"end":{"line":512,"column":26}},"210":{"start":{"line":513,"column":20},"end":{"line":513,"column":78}},"211":{"start":{"line":515,"column":25},"end":{"line":515,"column":94}},"212":{"start":{"line":515,"column":50},"end":{"line":515,"column":93}},"213":{"start":{"line":515,"column":74},"end":{"line":515,"column":92}},"214":{"start":{"line":517,"column":20},"end":{"line":521,"column":51}},"215":{"start":{"line":518,"column":24},"end":{"line":518,"column":75}},"216":{"start":{"line":518,"column":51},"end":{"line":518,"column":74}},"217":{"start":{"line":519,"column":24},"end":{"line":519,"column":72}},"218":{"start":{"line":519,"column":53},"end":{"line":519,"column":71}},"219":{"start":{"line":520,"column":24},"end":{"line":520,"column":104}},"220":{"start":{"line":520,"column":51},"end":{"line":520,"column":103}},"221":{"start":{"line":521,"column":24},"end":{"line":521,"column":50}},"222":{"start":{"line":523,"column":4},"end":{"line":523,"column":19}},"223":{"start":{"line":527,"column":17},"end":{"line":527,"column":26}},"224":{"start":{"line":528,"column":18},"end":{"line":532,"column":73}},"225":{"start":{"line":529,"column":23},"end":{"line":529,"column":60}},"226":{"start":{"line":529,"column":44},"end":{"line":529,"column":59}},"227":{"start":{"line":530,"column":20},"end":{"line":530,"column":34}},"228":{"start":{"line":532,"column":24},"end":{"line":532,"column":72}},"229":{"start":{"line":532,"column":50},"end":{"line":532,"column":71}},"230":{"start":{"line":534,"column":4},"end":{"line":534,"column":31}},"231":{"start":{"line":538,"column":17},"end":{"line":538,"column":26}},"232":{"start":{"line":539,"column":26},"end":{"line":541,"column":29}},"233":{"start":{"line":540,"column":23},"end":{"line":540,"column":68}},"234":{"start":{"line":540,"column":51},"end":{"line":540,"column":67}},"235":{"start":{"line":541,"column":20},"end":{"line":541,"column":28}},"236":{"start":{"line":543,"column":4},"end":{"line":543,"column":45}},"237":{"start":{"line":547,"column":4},"end":{"line":553,"column":5}},"238":{"start":{"line":548,"column":6},"end":{"line":548,"column":71}},"239":{"start":{"line":548,"column":42},"end":{"line":548,"column":62}},"240":{"start":{"line":549,"column":11},"end":{"line":553,"column":5}},"241":{"start":{"line":550,"column":6},"end":{"line":550,"column":72}},"242":{"start":{"line":550,"column":42},"end":{"line":550,"column":63}},"243":{"start":{"line":552,"column":6},"end":{"line":552,"column":15}},"244":{"start":{"line":556,"column":2},"end":{"line":590,"column":3}}},"fnMap":{"0":{"name":"(anonymous_0)","decl":{"start":{"line":45,"column":16},"end":{"line":45,"column":17}},"loc":{"start":{"line":45,"column":37},"end":{"line":591,"column":1}},"line":45},"1":{"name":"createInitialUser","decl":{"start":{"line":49,"column":11},"end":{"line":49,"column":28}},"loc":{"start":{"line":49,"column":37},"end":{"line":192,"column":3}},"line":49},"2":{"name":"getData","decl":{"start":{"line":194,"column":11},"end":{"line":194,"column":18}},"loc":{"start":{"line":194,"column":36},"end":{"line":196,"column":3}},"line":194},"3":{"name":"getUser","decl":{"start":{"line":198,"column":11},"end":{"line":198,"column":18}},"loc":{"start":{"line":198,"column":73},"end":{"line":204,"column":3}},"line":198},"4":{"name":"(anonymous_4)","decl":{"start":{"line":202,"column":29},"end":{"line":202,"column":30}},"loc":{"start":{"line":202,"column":39},"end":{"line":202,"column":53}},"line":202},"5":{"name":"getUsersByAcess","decl":{"start":{"line":206,"column":11},"end":{"line":206,"column":26}},"loc":{"start":{"line":206,"column":102},"end":{"line":216,"column":3}},"line":206},"6":{"name":"(anonymous_6)","decl":{"start":{"line":210,"column":31},"end":{"line":210,"column":32}},"loc":{"start":{"line":210,"column":41},"end":{"line":210,"column":66}},"line":210},"7":{"name":"(anonymous_7)","decl":{"start":{"line":212,"column":31},"end":{"line":212,"column":32}},"loc":{"start":{"line":212,"column":41},"end":{"line":212,"column":66}},"line":212},"8":{"name":"(anonymous_8)","decl":{"start":{"line":214,"column":31},"end":{"line":214,"column":32}},"loc":{"start":{"line":214,"column":41},"end":{"line":214,"column":64}},"line":214},"9":{"name":"createUser","decl":{"start":{"line":218,"column":11},"end":{"line":218,"column":21}},"loc":{"start":{"line":218,"column":52},"end":{"line":223,"column":3}},"line":218},"10":{"name":"removeUser","decl":{"start":{"line":225,"column":11},"end":{"line":225,"column":21}},"loc":{"start":{"line":225,"column":43},"end":{"line":230,"column":3}},"line":225},"11":{"name":"(anonymous_11)","decl":{"start":{"line":227,"column":64},"end":{"line":227,"column":65}},"loc":{"start":{"line":227,"column":74},"end":{"line":227,"column":94}},"line":227},"12":{"name":"editUser","decl":{"start":{"line":232,"column":11},"end":{"line":232,"column":19}},"loc":{"start":{"line":232,"column":116},"end":{"line":244,"column":3}},"line":232},"13":{"name":"(anonymous_13)","decl":{"start":{"line":234,"column":44},"end":{"line":234,"column":45}},"loc":{"start":{"line":234,"column":54},"end":{"line":240,"column":5}},"line":234},"14":{"name":"authUser","decl":{"start":{"line":246,"column":11},"end":{"line":246,"column":19}},"loc":{"start":{"line":246,"column":110},"end":{"line":265,"column":3}},"line":246},"15":{"name":"(anonymous_15)","decl":{"start":{"line":248,"column":33},"end":{"line":248,"column":34}},"loc":{"start":{"line":248,"column":43},"end":{"line":248,"column":121}},"line":248},"16":{"name":"getLoggedUser","decl":{"start":{"line":267,"column":11},"end":{"line":267,"column":24}},"loc":{"start":{"line":267,"column":57},"end":{"line":276,"column":3}},"line":267},"17":{"name":"(anonymous_17)","decl":{"start":{"line":272,"column":29},"end":{"line":272,"column":30}},"loc":{"start":{"line":272,"column":39},"end":{"line":272,"column":91}},"line":272},"18":{"name":"logoutUser","decl":{"start":{"line":278,"column":11},"end":{"line":278,"column":21}},"loc":{"start":{"line":278,"column":30},"end":{"line":281,"column":3}},"line":278},"19":{"name":"someUserHasInfo","decl":{"start":{"line":283,"column":11},"end":{"line":283,"column":26}},"loc":{"start":{"line":283,"column":74},"end":{"line":287,"column":3}},"line":283},"20":{"name":"(anonymous_20)","decl":{"start":{"line":286,"column":32},"end":{"line":286,"column":33}},"loc":{"start":{"line":286,"column":42},"end":{"line":286,"column":62}},"line":286},"21":{"name":"createLesson","decl":{"start":{"line":289,"column":11},"end":{"line":289,"column":23}},"loc":{"start":{"line":289,"column":47},"end":{"line":294,"column":3}},"line":289},"22":{"name":"getLesson","decl":{"start":{"line":296,"column":11},"end":{"line":296,"column":20}},"loc":{"start":{"line":296,"column":66},"end":{"line":304,"column":3}},"line":296},"23":{"name":"(anonymous_23)","decl":{"start":{"line":300,"column":31},"end":{"line":300,"column":32}},"loc":{"start":{"line":300,"column":43},"end":{"line":300,"column":59}},"line":300},"24":{"name":"removeLesson","decl":{"start":{"line":306,"column":11},"end":{"line":306,"column":23}},"loc":{"start":{"line":306,"column":36},"end":{"line":331,"column":3}},"line":306},"25":{"name":"(anonymous_25)","decl":{"start":{"line":308,"column":51},"end":{"line":308,"column":52}},"loc":{"start":{"line":308,"column":63},"end":{"line":308,"column":79}},"line":308},"26":{"name":"(anonymous_26)","decl":{"start":{"line":310,"column":29},"end":{"line":310,"column":30}},"loc":{"start":{"line":310,"column":39},"end":{"line":327,"column":5}},"line":310},"27":{"name":"(anonymous_27)","decl":{"start":{"line":311,"column":71},"end":{"line":311,"column":72}},"loc":{"start":{"line":311,"column":83},"end":{"line":311,"column":99}},"line":311},"28":{"name":"(anonymous_28)","decl":{"start":{"line":313,"column":61},"end":{"line":313,"column":62}},"loc":{"start":{"line":313,"column":73},"end":{"line":313,"column":89}},"line":313},"29":{"name":"(anonymous_29)","decl":{"start":{"line":314,"column":51},"end":{"line":314,"column":52}},"loc":{"start":{"line":314,"column":63},"end":{"line":314,"column":79}},"line":314},"30":{"name":"(anonymous_30)","decl":{"start":{"line":314,"column":85},"end":{"line":314,"column":86}},"loc":{"start":{"line":314,"column":98},"end":{"line":314,"column":108}},"line":314},"31":{"name":"(anonymous_31)","decl":{"start":{"line":314,"column":117},"end":{"line":314,"column":118}},"loc":{"start":{"line":314,"column":132},"end":{"line":314,"column":142}},"line":314},"32":{"name":"(anonymous_32)","decl":{"start":{"line":325,"column":71},"end":{"line":325,"column":72}},"loc":{"start":{"line":325,"column":83},"end":{"line":325,"column":99}},"line":325},"33":{"name":"editLesson","decl":{"start":{"line":333,"column":11},"end":{"line":333,"column":21}},"loc":{"start":{"line":333,"column":63},"end":{"line":345,"column":3}},"line":333},"34":{"name":"(anonymous_34)","decl":{"start":{"line":335,"column":48},"end":{"line":335,"column":49}},"loc":{"start":{"line":335,"column":60},"end":{"line":341,"column":5}},"line":335},"35":{"name":"saveStudentLesson","decl":{"start":{"line":347,"column":11},"end":{"line":347,"column":28}},"loc":{"start":{"line":347,"column":58},"end":{"line":353,"column":3}},"line":347},"36":{"name":"evaluateLesson","decl":{"start":{"line":355,"column":11},"end":{"line":355,"column":25}},"loc":{"start":{"line":355,"column":84},"end":{"line":383,"column":3}},"line":355},"37":{"name":"(anonymous_37)","decl":{"start":{"line":357,"column":39},"end":{"line":357,"column":40}},"loc":{"start":{"line":357,"column":49},"end":{"line":357,"column":70}},"line":357},"38":{"name":"(anonymous_38)","decl":{"start":{"line":358,"column":37},"end":{"line":358,"column":38}},"loc":{"start":{"line":358,"column":49},"end":{"line":358,"column":58}},"line":358},"39":{"name":"(anonymous_39)","decl":{"start":{"line":358,"column":67},"end":{"line":358,"column":68}},"loc":{"start":{"line":358,"column":81},"end":{"line":358,"column":90}},"line":358},"40":{"name":"(anonymous_40)","decl":{"start":{"line":360,"column":53},"end":{"line":360,"column":54}},"loc":{"start":{"line":360,"column":65},"end":{"line":360,"column":81}},"line":360},"41":{"name":"(anonymous_41)","decl":{"start":{"line":373,"column":44},"end":{"line":373,"column":45}},"loc":{"start":{"line":373,"column":57},"end":{"line":379,"column":5}},"line":373},"42":{"name":"createGroup","decl":{"start":{"line":385,"column":11},"end":{"line":385,"column":22}},"loc":{"start":{"line":385,"column":46},"end":{"line":390,"column":3}},"line":385},"43":{"name":"removeGroup","decl":{"start":{"line":392,"column":11},"end":{"line":392,"column":22}},"loc":{"start":{"line":392,"column":46},"end":{"line":397,"column":3}},"line":392},"44":{"name":"(anonymous_44)","decl":{"start":{"line":394,"column":49},"end":{"line":394,"column":50}},"loc":{"start":{"line":394,"column":56},"end":{"line":394,"column":72}},"line":394},"45":{"name":"showUserGroups","decl":{"start":{"line":399,"column":11},"end":{"line":399,"column":25}},"loc":{"start":{"line":399,"column":37},"end":{"line":414,"column":3}},"line":399},"46":{"name":"(anonymous_46)","decl":{"start":{"line":404,"column":32},"end":{"line":404,"column":33}},"loc":{"start":{"line":404,"column":43},"end":{"line":404,"column":68}},"line":404},"47":{"name":"(anonymous_47)","decl":{"start":{"line":407,"column":14},"end":{"line":407,"column":15}},"loc":{"start":{"line":407,"column":25},"end":{"line":407,"column":50}},"line":407},"48":{"name":"(anonymous_48)","decl":{"start":{"line":408,"column":14},"end":{"line":408,"column":15}},"loc":{"start":{"line":408,"column":25},"end":{"line":408,"column":83}},"line":408},"49":{"name":"(anonymous_49)","decl":{"start":{"line":408,"column":45},"end":{"line":408,"column":46}},"loc":{"start":{"line":408,"column":60},"end":{"line":408,"column":82}},"line":408},"50":{"name":"(anonymous_50)","decl":{"start":{"line":411,"column":14},"end":{"line":411,"column":15}},"loc":{"start":{"line":411,"column":25},"end":{"line":411,"column":50}},"line":411},"51":{"name":"(anonymous_51)","decl":{"start":{"line":412,"column":14},"end":{"line":412,"column":15}},"loc":{"start":{"line":412,"column":25},"end":{"line":412,"column":83}},"line":412},"52":{"name":"(anonymous_52)","decl":{"start":{"line":412,"column":45},"end":{"line":412,"column":46}},"loc":{"start":{"line":412,"column":60},"end":{"line":412,"column":82}},"line":412},"53":{"name":"editGroup","decl":{"start":{"line":416,"column":11},"end":{"line":416,"column":20}},"loc":{"start":{"line":416,"column":59},"end":{"line":428,"column":3}},"line":416},"54":{"name":"(anonymous_54)","decl":{"start":{"line":418,"column":46},"end":{"line":418,"column":47}},"loc":{"start":{"line":418,"column":57},"end":{"line":424,"column":5}},"line":418},"55":{"name":"getSubject","decl":{"start":{"line":430,"column":11},"end":{"line":430,"column":21}},"loc":{"start":{"line":430,"column":55},"end":{"line":437,"column":3}},"line":430},"56":{"name":"(anonymous_56)","decl":{"start":{"line":432,"column":39},"end":{"line":432,"column":40}},"loc":{"start":{"line":432,"column":52},"end":{"line":432,"column":69}},"line":432},"57":{"name":"createSubject","decl":{"start":{"line":439,"column":11},"end":{"line":439,"column":24}},"loc":{"start":{"line":439,"column":49},"end":{"line":444,"column":3}},"line":439},"58":{"name":"removeSubject","decl":{"start":{"line":446,"column":11},"end":{"line":446,"column":24}},"loc":{"start":{"line":446,"column":48},"end":{"line":451,"column":3}},"line":446},"59":{"name":"(anonymous_59)","decl":{"start":{"line":448,"column":53},"end":{"line":448,"column":54}},"loc":{"start":{"line":448,"column":60},"end":{"line":448,"column":76}},"line":448},"60":{"name":"editSubject","decl":{"start":{"line":453,"column":11},"end":{"line":453,"column":22}},"loc":{"start":{"line":453,"column":65},"end":{"line":465,"column":3}},"line":453},"61":{"name":"(anonymous_61)","decl":{"start":{"line":455,"column":50},"end":{"line":455,"column":51}},"loc":{"start":{"line":455,"column":63},"end":{"line":461,"column":5}},"line":455},"62":{"name":"showUserSubjects","decl":{"start":{"line":467,"column":11},"end":{"line":467,"column":27}},"loc":{"start":{"line":467,"column":41},"end":{"line":478,"column":3}},"line":467},"63":{"name":"(anonymous_63)","decl":{"start":{"line":472,"column":34},"end":{"line":472,"column":35}},"loc":{"start":{"line":472,"column":45},"end":{"line":472,"column":70}},"line":472},"64":{"name":"(anonymous_64)","decl":{"start":{"line":475,"column":14},"end":{"line":475,"column":15}},"loc":{"start":{"line":475,"column":27},"end":{"line":475,"column":54}},"line":475},"65":{"name":"(anonymous_65)","decl":{"start":{"line":476,"column":14},"end":{"line":476,"column":15}},"loc":{"start":{"line":476,"column":27},"end":{"line":476,"column":87}},"line":476},"66":{"name":"(anonymous_66)","decl":{"start":{"line":476,"column":49},"end":{"line":476,"column":50}},"loc":{"start":{"line":476,"column":64},"end":{"line":476,"column":86}},"line":476},"67":{"name":"editDefaultPassword","decl":{"start":{"line":480,"column":11},"end":{"line":480,"column":30}},"loc":{"start":{"line":480,"column":55},"end":{"line":485,"column":3}},"line":480},"68":{"name":"editPassword","decl":{"start":{"line":487,"column":11},"end":{"line":487,"column":23}},"loc":{"start":{"line":487,"column":48},"end":{"line":502,"column":3}},"line":487},"69":{"name":"(anonymous_69)","decl":{"start":{"line":491,"column":44},"end":{"line":491,"column":45}},"loc":{"start":{"line":491,"column":54},"end":{"line":497,"column":5}},"line":491},"70":{"name":"getStudentGroup","decl":{"start":{"line":504,"column":11},"end":{"line":504,"column":26}},"loc":{"start":{"line":504,"column":65},"end":{"line":509,"column":3}},"line":504},"71":{"name":"(anonymous_71)","decl":{"start":{"line":507,"column":28},"end":{"line":507,"column":29}},"loc":{"start":{"line":507,"column":39},"end":{"line":507,"column":73}},"line":507},"72":{"name":"getStudentLessons","decl":{"start":{"line":511,"column":11},"end":{"line":511,"column":28}},"loc":{"start":{"line":511,"column":53},"end":{"line":524,"column":3}},"line":511},"73":{"name":"(anonymous_73)","decl":{"start":{"line":515,"column":43},"end":{"line":515,"column":44}},"loc":{"start":{"line":515,"column":50},"end":{"line":515,"column":93}},"line":515},"74":{"name":"(anonymous_74)","decl":{"start":{"line":515,"column":66},"end":{"line":515,"column":67}},"loc":{"start":{"line":515,"column":74},"end":{"line":515,"column":92}},"line":515},"75":{"name":"(anonymous_75)","decl":{"start":{"line":518,"column":12},"end":{"line":518,"column":13}},"loc":{"start":{"line":518,"column":24},"end":{"line":518,"column":75}},"line":518},"76":{"name":"(anonymous_76)","decl":{"start":{"line":518,"column":43},"end":{"line":518,"column":44}},"loc":{"start":{"line":518,"column":51},"end":{"line":518,"column":74}},"line":518},"77":{"name":"(anonymous_77)","decl":{"start":{"line":519,"column":12},"end":{"line":519,"column":13}},"loc":{"start":{"line":519,"column":24},"end":{"line":519,"column":72}},"line":519},"78":{"name":"(anonymous_78)","decl":{"start":{"line":519,"column":46},"end":{"line":519,"column":47}},"loc":{"start":{"line":519,"column":53},"end":{"line":519,"column":71}},"line":519},"79":{"name":"(anonymous_79)","decl":{"start":{"line":520,"column":12},"end":{"line":520,"column":13}},"loc":{"start":{"line":520,"column":24},"end":{"line":520,"column":104}},"line":520},"80":{"name":"(anonymous_80)","decl":{"start":{"line":520,"column":44},"end":{"line":520,"column":45}},"loc":{"start":{"line":520,"column":51},"end":{"line":520,"column":103}},"line":520},"81":{"name":"(anonymous_81)","decl":{"start":{"line":521,"column":12},"end":{"line":521,"column":13}},"loc":{"start":{"line":521,"column":24},"end":{"line":521,"column":50}},"line":521},"82":{"name":"getStudentsByGroup","decl":{"start":{"line":526,"column":11},"end":{"line":526,"column":29}},"loc":{"start":{"line":526,"column":61},"end":{"line":535,"column":3}},"line":526},"83":{"name":"(anonymous_83)","decl":{"start":{"line":529,"column":12},"end":{"line":529,"column":13}},"loc":{"start":{"line":529,"column":23},"end":{"line":529,"column":60}},"line":529},"84":{"name":"(anonymous_84)","decl":{"start":{"line":529,"column":36},"end":{"line":529,"column":37}},"loc":{"start":{"line":529,"column":44},"end":{"line":529,"column":59}},"line":529},"85":{"name":"(anonymous_85)","decl":{"start":{"line":530,"column":9},"end":{"line":530,"column":10}},"loc":{"start":{"line":530,"column":20},"end":{"line":530,"column":34}},"line":530},"86":{"name":"(anonymous_86)","decl":{"start":{"line":532,"column":9},"end":{"line":532,"column":10}},"loc":{"start":{"line":532,"column":24},"end":{"line":532,"column":72}},"line":532},"87":{"name":"(anonymous_87)","decl":{"start":{"line":532,"column":40},"end":{"line":532,"column":41}},"loc":{"start":{"line":532,"column":50},"end":{"line":532,"column":71}},"line":532},"88":{"name":"getStudentsByTeacher","decl":{"start":{"line":537,"column":11},"end":{"line":537,"column":31}},"loc":{"start":{"line":537,"column":63},"end":{"line":544,"column":3}},"line":537},"89":{"name":"(anonymous_89)","decl":{"start":{"line":540,"column":12},"end":{"line":540,"column":13}},"loc":{"start":{"line":540,"column":23},"end":{"line":540,"column":68}},"line":540},"90":{"name":"(anonymous_90)","decl":{"start":{"line":540,"column":43},"end":{"line":540,"column":44}},"loc":{"start":{"line":540,"column":51},"end":{"line":540,"column":67}},"line":540},"91":{"name":"(anonymous_91)","decl":{"start":{"line":541,"column":9},"end":{"line":541,"column":10}},"loc":{"start":{"line":541,"column":20},"end":{"line":541,"column":28}},"line":541},"92":{"name":"counterQuestionsBy","decl":{"start":{"line":546,"column":11},"end":{"line":546,"column":29}},"loc":{"start":{"line":546,"column":93},"end":{"line":554,"column":3}},"line":546},"93":{"name":"(anonymous_93)","decl":{"start":{"line":548,"column":35},"end":{"line":548,"column":36}},"loc":{"start":{"line":548,"column":42},"end":{"line":548,"column":62}},"line":548},"94":{"name":"(anonymous_94)","decl":{"start":{"line":550,"column":35},"end":{"line":550,"column":36}},"loc":{"start":{"line":550,"column":42},"end":{"line":550,"column":63}},"line":550}},"branchMap":{"0":{"loc":{"start":{"line":50,"column":4},"end":{"line":191,"column":5}},"type":"if","locations":[{"start":{"line":50,"column":4},"end":{"line":191,"column":5}},{"start":{},"end":{}}],"line":50},"1":{"loc":{"start":{"line":201,"column":4},"end":{"line":203,"column":5}},"type":"if","locations":[{"start":{"line":201,"column":4},"end":{"line":203,"column":5}},{"start":{},"end":{}}],"line":201},"2":{"loc":{"start":{"line":209,"column":4},"end":{"line":215,"column":5}},"type":"if","locations":[{"start":{"line":209,"column":4},"end":{"line":215,"column":5}},{"start":{"line":211,"column":11},"end":{"line":215,"column":5}}],"line":209},"3":{"loc":{"start":{"line":211,"column":11},"end":{"line":215,"column":5}},"type":"if","locations":[{"start":{"line":211,"column":11},"end":{"line":215,"column":5}},{"start":{"line":213,"column":11},"end":{"line":215,"column":5}}],"line":211},"4":{"loc":{"start":{"line":213,"column":11},"end":{"line":215,"column":5}},"type":"if","locations":[{"start":{"line":213,"column":11},"end":{"line":215,"column":5}},{"start":{},"end":{}}],"line":213},"5":{"loc":{"start":{"line":235,"column":6},"end":{"line":237,"column":7}},"type":"if","locations":[{"start":{"line":235,"column":6},"end":{"line":237,"column":7}},{"start":{},"end":{}}],"line":235},"6":{"loc":{"start":{"line":248,"column":43},"end":{"line":248,"column":121}},"type":"binary-expr","locations":[{"start":{"line":248,"column":43},"end":{"line":248,"column":91}},{"start":{"line":248,"column":95},"end":{"line":248,"column":121}}],"line":248},"7":{"loc":{"start":{"line":250,"column":4},"end":{"line":264,"column":5}},"type":"if","locations":[{"start":{"line":250,"column":4},"end":{"line":264,"column":5}},{"start":{"line":260,"column":11},"end":{"line":264,"column":5}}],"line":250},"8":{"loc":{"start":{"line":250,"column":8},"end":{"line":250,"column":40}},"type":"binary-expr","locations":[{"start":{"line":250,"column":8},"end":{"line":250,"column":12}},{"start":{"line":250,"column":16},"end":{"line":250,"column":40}}],"line":250},"9":{"loc":{"start":{"line":254,"column":6},"end":{"line":258,"column":7}},"type":"if","locations":[{"start":{"line":254,"column":6},"end":{"line":258,"column":7}},{"start":{"line":256,"column":13},"end":{"line":258,"column":7}}],"line":254},"10":{"loc":{"start":{"line":260,"column":11},"end":{"line":264,"column":5}},"type":"if","locations":[{"start":{"line":260,"column":11},"end":{"line":264,"column":5}},{"start":{"line":262,"column":11},"end":{"line":264,"column":5}}],"line":260},"11":{"loc":{"start":{"line":271,"column":4},"end":{"line":275,"column":5}},"type":"if","locations":[{"start":{"line":271,"column":4},"end":{"line":275,"column":5}},{"start":{"line":273,"column":11},"end":{"line":275,"column":5}}],"line":271},"12":{"loc":{"start":{"line":271,"column":8},"end":{"line":271,"column":25}},"type":"binary-expr","locations":[{"start":{"line":271,"column":8},"end":{"line":271,"column":12}},{"start":{"line":271,"column":16},"end":{"line":271,"column":25}}],"line":271},"13":{"loc":{"start":{"line":299,"column":4},"end":{"line":301,"column":5}},"type":"if","locations":[{"start":{"line":299,"column":4},"end":{"line":301,"column":5}},{"start":{},"end":{}}],"line":299},"14":{"loc":{"start":{"line":311,"column":6},"end":{"line":326,"column":7}},"type":"if","locations":[{"start":{"line":311,"column":6},"end":{"line":326,"column":7}},{"start":{},"end":{}}],"line":311},"15":{"loc":{"start":{"line":311,"column":10},"end":{"line":311,"column":100}},"type":"binary-expr","locations":[{"start":{"line":311,"column":10},"end":{"line":311,"column":35}},{"start":{"line":311,"column":39},"end":{"line":311,"column":100}}],"line":311},"16":{"loc":{"start":{"line":336,"column":6},"end":{"line":338,"column":7}},"type":"if","locations":[{"start":{"line":336,"column":6},"end":{"line":338,"column":7}},{"start":{},"end":{}}],"line":336},"17":{"loc":{"start":{"line":374,"column":6},"end":{"line":376,"column":7}},"type":"if","locations":[{"start":{"line":374,"column":6},"end":{"line":376,"column":7}},{"start":{},"end":{}}],"line":374},"18":{"loc":{"start":{"line":403,"column":4},"end":{"line":413,"column":5}},"type":"if","locations":[{"start":{"line":403,"column":4},"end":{"line":413,"column":5}},{"start":{"line":405,"column":11},"end":{"line":413,"column":5}}],"line":403},"19":{"loc":{"start":{"line":405,"column":11},"end":{"line":413,"column":5}},"type":"if","locations":[{"start":{"line":405,"column":11},"end":{"line":413,"column":5}},{"start":{"line":409,"column":11},"end":{"line":413,"column":5}}],"line":405},"20":{"loc":{"start":{"line":419,"column":6},"end":{"line":421,"column":7}},"type":"if","locations":[{"start":{"line":419,"column":6},"end":{"line":421,"column":7}},{"start":{},"end":{}}],"line":419},"21":{"loc":{"start":{"line":434,"column":4},"end":{"line":436,"column":5}},"type":"if","locations":[{"start":{"line":434,"column":4},"end":{"line":436,"column":5}},{"start":{},"end":{}}],"line":434},"22":{"loc":{"start":{"line":456,"column":6},"end":{"line":458,"column":7}},"type":"if","locations":[{"start":{"line":456,"column":6},"end":{"line":458,"column":7}},{"start":{},"end":{}}],"line":456},"23":{"loc":{"start":{"line":471,"column":4},"end":{"line":477,"column":5}},"type":"if","locations":[{"start":{"line":471,"column":4},"end":{"line":477,"column":5}},{"start":{"line":473,"column":11},"end":{"line":477,"column":5}}],"line":471},"24":{"loc":{"start":{"line":492,"column":6},"end":{"line":494,"column":7}},"type":"if","locations":[{"start":{"line":492,"column":6},"end":{"line":494,"column":7}},{"start":{},"end":{}}],"line":492},"25":{"loc":{"start":{"line":513,"column":20},"end":{"line":513,"column":78}},"type":"cond-expr","locations":[{"start":{"line":513,"column":25},"end":{"line":513,"column":48}},{"start":{"line":513,"column":51},"end":{"line":513,"column":78}}],"line":513},"26":{"loc":{"start":{"line":520,"column":51},"end":{"line":520,"column":103}},"type":"binary-expr","locations":[{"start":{"line":520,"column":51},"end":{"line":520,"column":75}},{"start":{"line":520,"column":79},"end":{"line":520,"column":103}}],"line":520},"27":{"loc":{"start":{"line":547,"column":4},"end":{"line":553,"column":5}},"type":"if","locations":[{"start":{"line":547,"column":4},"end":{"line":553,"column":5}},{"start":{"line":549,"column":11},"end":{"line":553,"column":5}}],"line":547},"28":{"loc":{"start":{"line":549,"column":11},"end":{"line":553,"column":5}},"type":"if","locations":[{"start":{"line":549,"column":11},"end":{"line":553,"column":5}},{"start":{"line":551,"column":11},"end":{"line":553,"column":5}}],"line":549}},"s":{"0":0,"1":0,"2":0,"3":0,"4":0,"5":0,"6":0,"7":0,"8":0,"9":0,"10":0,"11":0,"12":0,"13":0,"14":0,"15":0,"16":0,"17":0,"18":0,"19":0,"20":0,"21":0,"22":0,"23":0,"24":0,"25":0,"26":0,"27":0,"28":0,"29":0,"30":0,"31":0,"32":0,"33":0,"34":0,"35":0,"36":0,"37":0,"38":0,"39":0,"40":0,"41":0,"42":0,"43":0,"44":0,"45":0,"46":0,"47":0,"48":0,"49":0,"50":0,"51":0,"52":0,"53":0,"54":0,"55":0,"56":0,"57":0,"58":0,"59":0,"60":0,"61":0,"62":0,"63":0,"64":0,"65":0,"66":0,"67":0,"68":0,"69":0,"70":0,"71":0,"72":0,"73":0,"74":0,"75":0,"76":0,"77":0,"78":0,"79":0,"80":0,"81":0,"82":0,"83":0,"84":0,"85":0,"86":0,"87":0,"88":0,"89":0,"90":0,"91":0,"92":0,"93":0,"94":0,"95":0,"96":0,"97":0,"98":0,"99":0,"100":0,"101":0,"102":0,"103":0,"104":0,"105":0,"106":0,"107":0,"108":0,"109":0,"110":0,"111":0,"112":0,"113":0,"114":0,"115":0,"116":0,"117":0,"118":0,"119":0,"120":0,"121":0,"122":0,"123":0,"124":0,"125":0,"126":0,"127":0,"128":0,"129":0,"130":0,"131":0,"132":0,"133":0,"134":0,"135":0,"136":0,"137":0,"138":0,"139":0,"140":0,"141":0,"142":0,"143":0,"144":0,"145":0,"146":0,"147":0,"148":0,"149":0,"150":0,"151":0,"152":0,"153":0,"154":0,"155":0,"156":0,"157":0,"158":0,"159":0,"160":0,"161":0,"162":0,"163":0,"164":0,"165":0,"166":0,"167":0,"168":0,"169":0,"170":0,"171":0,"172":0,"173":0,"174":0,"175":0,"176":0,"177":0,"178":0,"179":0,"180":0,"181":0,"182":0,"183":0,"184":0,"185":0,"186":0,"187":0,"188":0,"189":0,"190":0,"191":0,"192":0,"193":0,"194":0,"195":0,"196":0,"197":0,"198":0,"199":0,"200":0,"201":0,"202":0,"203":0,"204":0,"205":0,"206":0,"207":0,"208":0,"209":0,"210":0,"211":0,"212":0,"213":0,"214":0,"215":0,"216":0,"217":0,"218":0,"219":0,"220":0,"221":0,"222":0,"223":0,"224":0,"225":0,"226":0,"227":0,"228":0,"229":0,"230":0,"231":0,"232":0,"233":0,"234":0,"235":0,"236":0,"237":0,"238":0,"239":0,"240":0,"241":0,"242":0,"243":0,"244":0},"f":{"0":0,"1":0,"2":0,"3":0,"4":0,"5":0,"6":0,"7":0,"8":0,"9":0,"10":0,"11":0,"12":0,"13":0,"14":0,"15":0,"16":0,"17":0,"18":0,"19":0,"20":0,"21":0,"22":0,"23":0,"24":0,"25":0,"26":0,"27":0,"28":0,"29":0,"30":0,"31":0,"32":0,"33":0,"34":0,"35":0,"36":0,"37":0,"38":0,"39":0,"40":0,"41":0,"42":0,"43":0,"44":0,"45":0,"46":0,"47":0,"48":0,"49":0,"50":0,"51":0,"52":0,"53":0,"54":0,"55":0,"56":0,"57":0,"58":0,"59":0,"60":0,"61":0,"62":0,"63":0,"64":0,"65":0,"66":0,"67":0,"68":0,"69":0,"70":0,"71":0,"72":0,"73":0,"74":0,"75":0,"76":0,"77":0,"78":0,"79":0,"80":0,"81":0,"82":0,"83":0,"84":0,"85":0,"86":0,"87":0,"88":0,"89":0,"90":0,"91":0,"92":0,"93":0,"94":0},"b":{"0":[0,0],"1":[0,0],"2":[0,0],"3":[0,0],"4":[0,0],"5":[0,0],"6":[0,0],"7":[0,0],"8":[0,0],"9":[0,0],"10":[0,0],"11":[0,0],"12":[0,0],"13":[0,0],"14":[0,0],"15":[0,0],"16":[0,0],"17":[0,0],"18":[0,0],"19":[0,0],"20":[0,0],"21":[0,0],"22":[0,0],"23":[0,0],"24":[0,0],"25":[0,0],"26":[0,0],"27":[0,0],"28":[0,0]}}
,"E:\\Gab The Developer\\Sites\\plataforma-gamificada\\src\\hooks\\useForm.tsx": {"path":"E:\\Gab The Developer\\Sites\\plataforma-gamificada\\src\\hooks\\useForm.tsx","statementMap":{"0":{"start":{"line":18,"column":16},"end":{"line":50,"column":1}},"1":{"start":{"line":19,"column":28},"end":{"line":19,"column":64}},"2":{"start":{"line":20,"column":28},"end":{"line":20,"column":63}},"3":{"start":{"line":21,"column":30},"end":{"line":21,"column":39}},"4":{"start":{"line":25,"column":4},"end":{"line":34,"column":5}},"5":{"start":{"line":26,"column":6},"end":{"line":26,"column":30}},"6":{"start":{"line":27,"column":6},"end":{"line":27,"column":19}},"7":{"start":{"line":28,"column":11},"end":{"line":34,"column":5}},"8":{"start":{"line":29,"column":6},"end":{"line":29,"column":49}},"9":{"start":{"line":30,"column":6},"end":{"line":30,"column":19}},"10":{"start":{"line":32,"column":6},"end":{"line":32,"column":21}},"11":{"start":{"line":33,"column":6},"end":{"line":33,"column":18}},"12":{"start":{"line":38,"column":4},"end":{"line":38,"column":36}},"13":{"start":{"line":41,"column":2},"end":{"line":48,"column":3}}},"fnMap":{"0":{"name":"(anonymous_0)","decl":{"start":{"line":18,"column":16},"end":{"line":18,"column":17}},"loc":{"start":{"line":18,"column":69},"end":{"line":50,"column":1}},"line":18},"1":{"name":"validate","decl":{"start":{"line":23,"column":11},"end":{"line":23,"column":19}},"loc":{"start":{"line":23,"column":31},"end":{"line":35,"column":3}},"line":23},"2":{"name":"onChange","decl":{"start":{"line":37,"column":11},"end":{"line":37,"column":19}},"loc":{"start":{"line":37,"column":108},"end":{"line":39,"column":3}},"line":37}},"branchMap":{"0":{"loc":{"start":{"line":25,"column":4},"end":{"line":34,"column":5}},"type":"if","locations":[{"start":{"line":25,"column":4},"end":{"line":34,"column":5}},{"start":{"line":28,"column":11},"end":{"line":34,"column":5}}],"line":25},"1":{"loc":{"start":{"line":28,"column":11},"end":{"line":34,"column":5}},"type":"if","locations":[{"start":{"line":28,"column":11},"end":{"line":34,"column":5}},{"start":{"line":31,"column":11},"end"
[...]
,"E:\\Gab The Developer\\Sites\\plataforma-gamificada\\src\\pages\\Student\\StudentLesson\\index.tsx": {"path":"E:\\Gab The Developer\\Sites\\plataforma-gamificada\\src\\pages\\Student\\StudentLesson\\index.tsx","statementMap":{"0":{"start":{"line":10,"column":28},"end":{"line":29,"column":3}},"1":{"start":{"line":11,"column":19},"end":{"line":11,"column":50}},"2":{"start":{"line":12,"column":17},"end":{"line":12,"column":28}},"3":{"start":{"line":13,"column":39},"end":{"line":13,"column":48}},"4":{"start":{"line":14,"column":21},"end":{"line":14,"column":32}},"5":{"start":{"line":15,"column":18},"end":{"line":15,"column":45}},"6":{"start":{"line":18,"column":2},"end":{"line":28,"column":121}},"7":{"start":{"line":19,"column":4},"end":{"line":19,"column":139}},"8":{"start":{"line":21,"column":7},"end":{"line":28,"column":121}},"9":{"start":{"line":21,"column":45},"end":{"line":21,"column":62}},"10":{"start":{"line":21,"column":100},"end":{"line":21,"column":159}},"11":{"start":{"line":22,"column":4},"end":{"line":22,"column":182}},"12":{"start":{"line":24,"column":7},"end":{"line":28,"column":121}},"13":{"start":{"line":25,"column":4},"end":{"line":25,"column":91}},"14":{"start":{"line":28,"column":4},"end":{"line":28,"column":121}}},"fnMap":{"0":{"name":"(anonymous_0)","decl":{"start":{"line":10,"column":28},"end":{"line":10,"column":29}},"loc":{"start":{"line":10,"column":34},"end":{"line":29,"column":3}},"line":10},"1":{"name":"(anonymous_1)","decl":{"start":{"line":21,"column":32},"end":{"line":21,"column":33}},"loc":{"start":{"line":21,"column":45},"end":{"line":21,"column":62}},"line":21},"2":{"name":"(anonymous_2)","decl":{"start":{"line":21,"column":86},"end":{"line":21,"column":87}},"loc":{"start":{"line":21,"column":100},"end":{"line":21,"column":159}},"line":21}},"branchMap":{"0":{"loc":{"start":{"line":18,"column":2},"end":{"line":28,"column":121}},"type":"if","locations":[{"start":{"line":18,"column":2},"end":{"line":28,"column":121}},{"start":{"line":21,"column":7},"end":{"line":28,"column":121}}],"line":18},"1":{"loc":{"start":{"line":21,"column":7},"end":{"line":28,"column":121}},"type":"if","locations":[{"start":{"line":21,"column":7},"end":{"line":28,"column":121}},{"start":{"line":24,"column":7},"end":{"line":28,"column":121}}],"line":21},"2":{"loc":{"start":{"line":21,"column":11},"end":{"line":21,"column":160}},"type":"binary-expr","locations":[{"start":{"line":21,"column":11},"end":{"line":21,"column":63}},{"start":{"line":21,"column":67},"end":{"line":21,"column":160}}],"line":21},"3":{"loc":{"start":{"line":21,"column":100},"end":{"line":21,"column":159}},"type":"binary-expr","locations":[{"start":{"line":21,"column":100},"end":{"line":21,"column":124}},{"start":{"line":21,"column":128},"end":{"line":21,"column":159}}],"line":21},"4":{"loc":{"start":{"line":24,"column":7},"end":{"line":28,"column":121}},"type":"if","locations":[{"start":{"line":24,"column":7},"end":{"line":28,"column":121}},{"start":{"line":28,"column":4},"end":{"line":28,"column":121}}],"line":24},"5":{"loc":{"start":{"line":24,"column":11},"end":{"line":24,"column":52}},"type":"binary-expr","locations":[{"start":{"line":24,"column":11},"end":{"line":24,"column":29}},{"start":{"line":24,"column":33},"end":{"line":24,"column":35}},{"start":{"line":24,"column":39},"end":{"line":24,"column":52}}],"line":24}},"s":{"0":0,"1":0,"2":0,"3":0,"4":0,"5":0,"6":0,"7":0,"8":0,"9":0,"10":0,"11":0,"12":0,"13":0,"14":0},"f":{"0":0,"1":0,"2":0},"b":{"0":[0,0],"1":[0,0],"2":[0,0],"3":[0,0],"4":[0,0],"5":[0,0,0]}}
,"E:\\Gab The Developer\\Sites\\plataforma-gamificada\\src\\pages\\Student\\StudentLesson\\student-lesson\\index.tsx": {"path":"E:\\Gab The Developer\\Sites\\plataforma-gamificada\\src\\pages\\Student\\StudentLesson\\student-lesson\\index.tsx","statementMap":{"0":{"start":{"line":17,"column":22},"end":{"line":62,"column":1}},"1":{"start":{"line":18,"column":19},"end":{"line":18,"column":50}},"2":{"start":{"line":19,"column":17},"end":{"line":19,"column":28}},"3":{"start":{"line":20,"column":32},"end":{"line":20,"column":41}},"4":{"start":{"line":21,"column":22},"end":{"line":21,"column":35}},"5":{"start":{"line":22,"column":26},"end":{"line":22,"column":37}},"6":{"start":{"line":23,"column":17},"end":{"line":23,"column":54}},"7":{"start":{"line":23,"column":42},"end":{"line":23,"column":53}},"8":{"start":{"line":25,"column":30},"end":{"line":34,"column":3}},"9":{"start":{"line":32,"column":46},"end":{"line":32,"column":103}},"10":{"start":{"line":37,"column":4},"end":{"line":37,"column":23}},"11":{"start":{"line":39,"column":4},"end":{"line":42,"column":5}},"12":{"start":{"line":39,"column":49},"end":{"line":39,"column":88}},"13":{"start":{"line":40,"column":6},"end":{"line":40,"column":32}},"14":{"start":{"line":41,"column":6},"end":{"line":41,"column":25}},"15":{"start":{"line":45,"column":2},"end":{"line":61,"column":5}},"16":{"start":{"line":46,"column":4},"end":{"line":61,"column":5}},"17":{"start":{"line":56,"column":12},"end":{"line":56,"column":119}}},"fnMap":{"0":{"name":"(anonymous_0)","decl":{"start":{"line":17,"column":22},"end":{"line":17,"column":23}},"loc":{"start":{"line":17,"column":78},"end":{"line":62,"column":1}},"line":17},"1":{"name":"(anonymous_1)","decl":{"start":{"line":23,"column":35},"end":{"line":23,"column":36}},"loc":{"start":{"line":23,"column":42},"end":{"line":23,"column":53}},"line":23},"2":{"name":"(anonymous_2)","decl":{"start":{"line":32,"column":31},"end":{"line":32,"column":32}},"loc":{"start":{"line":32,"column":46},"end":{"line":32,"column":103}},"line":32},"3":{"name":"handleSubmit","decl":{"start":{"line":36,"column":11},"end":{"line":36,"column":23}},"loc":{"start":{"line":36,"column":67},"end":{"line":43,"column":3}},"line":36},"4":{"name":"(anonymous_4)","decl":{"start":{"line":39,"column":30},"end":{"line":39,"column":31}},"loc":{"start":{"line":39,"column":49},"end":{"line":39,"column":88}},"line":39},"5":{"name":"(anonymous_5)","decl":{"start":{"line":55,"column":27},"end":{"line":55,"column":28}},"loc":{"start":{"line":56,"column":12},"end":{"line":56,"column":119}},"line":56}},"branchMap":{"0":{"loc":{"start":{"line":25,"column":72},"end":{"line":33,"column":5}},"type":"binary-expr","locations":[{"start":{"line":25,"column":72},"end":{"line":25,"column":78}},{"start":{"line":26,"column":4},"end":{"line":33,"column":5}}],"line":25},"1":{"loc":{"start":{"line":39,"column":4},"end":{"line":42,"column":5}},"type":"if","locations":[{"start":{"line":39,"column":4},"end":{"line":42,"column":5}},{"start":{},"end":{}}],"line":39},"2":{"loc":{"start":{"line":45,"column":2},"end":{"line":61,"column":5}},"type":"if","locations":[{"start":{"line":45,"column":2},"end":{"line":61,"column":5}},{"start":{},"end":{}}],"line":45},"3":{"loc":{"start":{"line":50,"column":9},"end":{"line":50,"column":287}},"type":"binary-expr","locations":[{"start":{"line":50,"column":9},"end":{"line":50,"column":21}},{"start":{"line":50,"column":26},"end":{"line":50,"column":286}}],"line":50}},"s":{"0":0,"1":0,"2":0,"3":0,"4":0,"5":0,"6":0,"7":0,"8":0,"9":0,"10":0,"11":0,"12":0,"13":0,"14":0,"15":0,"16":0,"17":0},"f":{"0":0,"1":0,"2":0,"3":0,"4":0,"5":0},"b":{"0":[0,0],"1":[0,0],"2":[0,0],"3":[0,0]}}
,"E:\\Gab The Developer\\Sites\\plataforma-gamificada\\src\\pages\\Student\\StudentLesson\\student-lesson\\question-to-solve\\index.tsx": {"path":"E:\\Gab The Developer\\Sites\\plataforma-gamificada\\src\\pages\\Student\\StudentLesson\\student-lesson\\question-to-solve\\index.tsx","statementMap":{"0":{"start":{"line":14,"column":24},"end":{"line":52,"column":1}},"1":{"start":{"line":15,"column":20},"end":{"line":15,"column":33}},"2":{"start":{"line":18,"column":4},"end":{"line":22,"column":5}},"3":{"start":{"line":19,"column":24},"end":{"line":19,"column":35}},"4":{"start":{"line":20,"column":6},"end":{"line":20,"column":54}},"5":{"start":{"line":21,"column":6},"end":{"line":21,"column":27}},"6":{"start":{"line":25,"column":2},"end":{"line":51,"column":5}},"7":{"start":{"line":26,"column":4},"end":{"line":51,"column":5}},"8":{"start":{"line":34,"column":16},"end":{"line":37,"column":22}},"9":{"start":{"line":35,"column":123},"end":{"line":35,"column":145}},"10":{"start":{"line":42,"column":86},"end":{"line":42,"column":108}}},"fnMap":{"0":{"name":"(anonymous_0)","decl":{"start":{"line":14,"column":24},"end":{"line":14,"column":25}},"loc":{"start":{"line":14,"column":99},"end":{"line":52,"column":1}},"line":14},"1":{"name":"handleChange","decl":{"start":{"line":17,"column":11},"end":{"line":17,"column":23}},"loc":{"start":{"line":17,"column":107},"end":{"line":23,"column":3}},"line":17},"2":{"name":"(anonymous_2)","decl":{"start":{"line":33,"column":37},"end":{"line":33,"column":38}},"loc":{"start":{"line":34,"column":16},"end":{"line":37,"column":22}},"line":34},"3":{"name":"(anonymous_3)","decl":{"start":{"line":35,"column":116},"end":{"line":35,"column":117}},"loc":{"start":{"line":35,"column":123},"end":{"line":35,"column":145}},"line":35},"4":{"name":"(anonymous_4)","decl":{"start":{"line":42,"column":79},"end":{"line":42,"column":80}},"loc":{"start":{"line":42,"column":86},"end":{"line":42,"column":108}},"line":42}},"branchMap":{"0":{"loc":{"start":{"line":18,"column":4},"end":{"line":22,"column":5}},"type":"if","locations":[{"start":{"line":18,"column":4},"end":{"line":22,"column":5}},{"start":{},"end":{}}],"line":18},"1":{"loc":{"start":{"line":25,"column":2},"end":{"line":51,"column":5}},"type":"if","locations":[{"start":{"line":25,"column":2},"end":{"line":51,"column":5}},{"start":{},"end":{}}],"line":25},"2":{"loc":{"start":{"line":25,"column":6},"end":{"line":25,"column":22}},"type":"binary-expr","locations":[{"start":{"line":25,"column":6},"end":{"line":25,"column":12}},{"start":{"line":25,"column":16},"end":{"line":25,"column":22}}],"line":25},"3":{"loc":{"start":{"line":30,"column":9},"end":{"line":46,"column":11}},"type":"cond-expr","locations":[{"start":{"line":32,"column":12},"end":{"line":39,"column":15}},{"start":{"line":40,"column":14},"end":{"line":46,"column":11}}],"line":30},"4":{"loc":{"start":{"line":40,"column":14},"end":{"line":46,"column":11}},"type":"cond-expr","locations":[{"start":{"line":41,"column":12},"end":{"line":43,"column":15}},{"start":{"line":45,"column":12},"end":{"line":45,"column":17}}],"line":40},"5":{"loc":{"start":{"line":49,"column":9},"end":{"line":49,"column":132}},"type":"binary-expr","locations":[{"start":{"line":49,"column":9},"end":{"line":49,"column":35}},{"start":{"line":49,"column":40},"end":{"line":49,"column":131}}],"line":49},"6":{"loc":{"start":{"line":49,"column":48},"end":{"line":49,"column":122}},"type":"cond-expr","locations":[{"start":{"line":49,"column":85},"end":{"line":49,"column":98}},{"start":{"line":49,"column":101},"end":{"line":49,"column":122}}],"line":49}},"s":{"0":0,"1":0,"2":0,"3":0,"4":0,"5":0,"6":0,"7":0,"8":0,"9":0,"10":0},"f":{"0":0,"1":0,"2":0,"3":0,"4":0},"b":{"0":[0,0],"1":[0,0],"2":[0,0],"3":[0,0],"4":[0,0],"5":[0,0],"6":[0,0]}}
,"E:\\Gab The Developer\\Sites\\plataforma-gamificada\\src\\pages\\Student\\StudentLessons\\index.tsx": {"path":"E:\\Gab The Developer\\Sites\\plataforma-gamificada\\src\\pages\\Student\\StudentLessons\\index.tsx","statementMap":{"0":{"start":{"line":11,"column":23},"end":{"line":68,"column":1}},"1":{"start":{"line":12,"column":44},"end":{"line":12,"column":53}},"2":{"start":{"line":14,"column":42},"end":{"line":14,"column":63}},"3":{"start":{"line":15,"column":38},"end":{"line":15,"column":102}},"4":{"start":{"line":18,"column":20},"end":{"line":18,"column":80}},"5":{"start":{"line":18,"column":43},"end":{"line":18,"column":47}},"6":{"start":{"line":18,"column":70},"end":{"line":18,"column":79}},"7":{"start":{"line":19,"column":4},"end":{"line":19,"column":19}},"8":{"start":{"line":23,"column":20},"end":{"line":23,"column":97}},"9":{"start":{"line":24,"column":22},"end":{"line":24,"column":74}},"10":{"start":{"line":25,"column":20},"end":{"line":25,"column":72}},"11":{"start":{"line":27,"column":4},"end":{"line":27,"column":49}},"12":{"start":{"line":28,"column":4},"end":{"line":28,"column":26}},"13":{"start":{"line":32,"column":2},"end":{"line":67,"column":3}},"14":{"start":{"line":49,"column":12},"end":{"line":58,"column":17}},"15":{"start":{"line":55,"column":65},"end":{"line":55,"column":89}}},"fnMap":{"0":{"name":"(anonymous_0)","decl":{"start":{"line":11,"column":23},"end":{"line":11,"column":24}},"loc":{"start":{"line":11,"column":29},"end":{"line":68,"column":1}},"line":11},"1":{"name":"getTotalXP","decl":{"start":{"line":17,"column":11},"end":{"line":17,"column":21}},"loc":{"start":{"line":17,"column":47},"end":{"line":20,"column":3}},"line":17},"2":{"name":"(anonymous_2)","decl":{"start":{"line":18,"column":36},"end":{"line":18,"column":37}},"loc":{"start":{"line":18,"column":43},"end":{"line":18,"column":47}},"line":18},"3":{"name":"(anonymous_3)","decl":{"start":{"line":18,"column":56},"end":{"line":18,"column":57}},"loc":{"start":{"line":18,"column":70},"end":{"line":18,"column":79}},"line":18},"4":{"name":"handleMobileInfo","decl":{"start":{"line":22,"column":11},"end":{"line":22,"column":27}},"loc":{"start":{"line":22,"column":51},"end":{"line":29,"column":3}},"line":22},"5":{"name":"(anonymous_5)","decl":{"start":{"line":48,"column":35},"end":{"line":48,"column":36}},"loc":{"start":{"line":49,"column":12},"end":{"line":58,"column":17}},"line":49},"6":{"name":"(anonymous_6)","decl":{"start":{"line":55,"column":59},"end":{"line":55,"column":60}},"loc":{"start":{"line":55,"column":65},"end":{"line":55,"column":89}},"line":55}},"branchMap":{"0":{"loc":{"start":{"line":63,"column":7},"end":{"line":65,"column":7}},"type":"binary-expr","locations":[{"start":{"line":63,"column":7},"end":{"line":63,"column":19}},{"start":{"line":63,"column":23},"end":{"line":63,"column":33}},{"start":{"line":64,"column":8},"end":{"line":64,"column":40}}],"line":63}},"s":{"0":0,"1":0,"2":0,"3":0,"4":0,"5":0,"6":0,"7":0,"8":0,"9":0,"10":0,"11":0,"12":0,"13":0,"14":0,"15":0},"f":{"0":0,"1":0,"2":0,"3":0,"4":0,"5":0,"6":0},"b":{"0":[0,0,0]}}
,"E:\\Gab The Developer\\Sites\\plataforma-gamificada\\src\\pages\\Student\\StudentMenu\\index.tsx": {"path":"E:\\Gab The Developer\\Sites\\plataforma-gamificada\\src\\pages\\Student\\StudentMenu\\index.tsx","statementMap":{"0":{"start":{"line":6,"column":20},"end":{"line":20,"column":1}},"1":{"start":{"line":7,"column":25},"end":{"line":7,"column":34}},"2":{"start":{"line":8,"column":16},"end":{"line":8,"column":27}},"3":{"start":{"line":9,"column":16},"end":{"line":9,"column":26}},"4":{"start":{"line":11,"column":2},"end":{"line":19,"column":3}}},"fnMap":{"0":{"name":"(anonymous_0)","decl":{"start":{"line":6,"column":20},"end":{"line":6,"column":21}},"loc":{"start":{"line":6,"column":26},"end":{"line":20,"column":1}},"line":6}},"branchMap":{"0":{"loc":{"start":{"line":14,"column":23},"end":{"line":14,"column":56}},"type":"cond-expr","locations":[{"start":{"line":14,"column":38},"end":{"line":14,"column":51}},{"start":{"line":14,"column":54},"end":{"line":14,"column":56}}],"line":14},"1":{"loc":{"start":{"line":15,"column":23},"end":{"line":15,"column":68}},"type":"cond-expr","locations":[{"start":{"line":15,"column":50},"end":{"line":15,"column":63}},{"start":{"line":15,"column":66},"end":{"line":15,"column":68}}],"line":15}},"s":{"0":0,"1":0,"2":0,"3":0,"4":0},"f":{"0":0},"b":{"0":[0,0],"1":[0,0]}}
,"E:\\Gab The Developer\\Sites\\plataforma-gamificada\\src\\pages\\Tutorial\\index.tsx": {"path":"E:\\Gab The Developer\\Sites\\plataforma-gamificada\\src\\pages\\Tutorial\\index.tsx","statementMap":{"0":{"start":{"line":8,"column":17},"end":{"line":20,"column":1}},"1":{"start":{"line":10,"column":2},"end":{"line":19,"column":3}}},"fnMap":{"0":{"name":"(anonymous_0)","decl":{"start":{"line":8,"column":17},"end":{"line":8,"column":18}},"loc":{"start":{"line":8,"column":23},"end":{"line":20,"column":1}},"line":8}},"branchMap":{},"s":{"0":0,"1":0},"f":{"0":0},"b":{}}
,"E:\\Gab The Developer\\Sites\\plataforma-gamificada\\src\\pages\\Tutorial\\about\\index.tsx": {"path":"E:\\Gab The Developer\\Sites\\plataforma-gamificada\\src\\pages\\Tutorial\\about\\index.tsx","statementMap":{"0":{"start":{"line":3,"column":14},"end":{"line":11,"column":1}},"1":{"start":{"line":5,"column":2},"end":{"line":10,"column":3}}},"fnMap":{"0":{"name":"(anonymous_0)","decl":{"start":{"line":3,"column":14},"end":{"line":3,"column":15}},"loc":{"start":{"line":3,"column":20},"end":{"line":11,"column":1}},"line":3}},"branchMap":{},"s":{"0":0,"1":0},"f":{"0":0},"b":{}}
,"E:\\Gab The Developer\\Sites\\plataforma-gamificada\\src\\pages\\Tutorial\\faq\\index.tsx": {"path":"E:\\Gab The Developer\\Sites\\plataforma-gamificada\\src\\pages\\Tutorial\\faq\\index.tsx","statementMap":{"0":{"start":{"line":3,"column":12},"end":{"line":20,"column":1}},"1":{"start":{"line":5,"column":2},"end":{"line":19,"column":3}}},"fnMap":{"0":{"name":"(anonymous_0)","decl":{"start":{"line":3,"column":12},"end":{"line":3,"column":13}},"loc":{"start":{"line":3,"column":18},"end":{"line":20,"column":1}},"line":3}},"branchMap":{},"s":{"0":0,"1":0},"f":{"0":0},"b":{}}
,"E:\\Gab The Developer\\Sites\\plataforma-gamificada\\src\\pages\\Tutorial\\role-types\\index.tsx": {"path":"E:\\Gab The Developer\\Sites\\plataforma-gamificada\\src\\pages\\Tutorial\\role-types\\index.tsx","statementMap":{"0":{"start":{"line":3,"column":18},"end":{"line":36,"column":1}},"1":{"start":{"line":5,"column":2},"end":{"line":35,"column":3}}},"fnMap":{"0":{"name":"(anonymous_0)","decl":{"start":{"line":3,"column":18},"end":{"line":3,"column":19}},"loc":{"start":{"line":3,"column":24},"end":{"line":36,"column":1}},"line":3}},"branchMap":{},"s":{"0":0,"1":0},"f":{"0":0},"b":{}}
,"E:\\Gab The Developer\\Sites\\plataforma-gamificada\\src\\types\\Commom.ts": {"path":"E:\\Gab The Developer\\Sites\\plataforma-gamificada\\src\\types\\Commom.ts","statementMap":{},"fnMap":{},"branchMap":{},"s":{},"f":{},"b":{}}
,"E:\\Gab The Developer\\Sites\\plataforma-gamificada\\src\\types\\Filter.ts": {"path":"E:\\Gab The Developer\\Sites\\plataforma-gamificada\\src\\types\\Filter.ts","statementMap":{},"fnMap":{},"branchMap":{},"s":{},"f":{},"b":{}}
,"E:\\Gab The Developer\\Sites\\plataforma-gamificada\\src\\types\\Group.ts": {"path":"E:\\Gab The Developer\\Sites\\plataforma-gamificada\\src\\types\\Group.ts","statementMap":{},"fnMap":{},"branchMap":{},"s":{},"f":{},"b":{}}
,"E:\\Gab The Developer\\Sites\\plataforma-gamificada\\src\\types\\Lessons.ts": {"path":"E:\\Gab The Developer\\Sites\\plataforma-gamificada\\src\\types\\Lessons.ts","statementMap":{},"fnMap":{},"branchMap":{},"s":{},"f":{},"b":{}}
,"E:\\Gab The Developer\\Sites\\plataforma-gamificada\\src\\types\\Users.ts": {"path":"E:\\Gab The Developer\\Sites\\plataforma-gamificada\\src\\types\\Users.ts","statementMap":{},"fnMap":{},"branchMap":{},"s":{},"f":{},"b":{}}
}
